Release 12.4 - xst M.81d (nt)
Copyright (c) 1995-2010 Xilinx, Inc.  All rights reserved.
--> Parameter TMPDIR set to xst/projnav.tmp


Total REAL time to Xst completion: 0.00 secs
Total CPU time to Xst completion: 0.16 secs
 
--> Parameter xsthdpdir set to xst


Total REAL time to Xst completion: 0.00 secs
Total CPU time to Xst completion: 0.16 secs
 
--> Reading design: ALU.prj

TABLE OF CONTENTS
  1) Synthesis Options Summary
  2) HDL Compilation
  3) Design Hierarchy Analysis
  4) HDL Analysis
  5) HDL Synthesis
     5.1) HDL Synthesis Report
  6) Advanced HDL Synthesis
     6.1) Advanced HDL Synthesis Report
  7) Low Level Synthesis
  8) Partition Report
  9) Final Report
	9.1) Device utilization summary
	9.2) Partition Resource Summary
	9.3) TIMING REPORT


=========================================================================
*                      Synthesis Options Summary                        *
=========================================================================
---- Source Parameters
Input File Name                    : "ALU.prj"
Input Format                       : mixed
Ignore Synthesis Constraint File   : NO

---- Target Parameters
Output File Name                   : "ALU"
Output Format                      : NGC
Target Device                      : xc3s200-4-ft256

---- Source Options
Top Module Name                    : ALU
Automatic FSM Extraction           : YES
FSM Encoding Algorithm             : Auto
Safe Implementation                : No
FSM Style                          : LUT
RAM Extraction                     : Yes
RAM Style                          : Auto
ROM Extraction                     : Yes
Mux Style                          : Auto
Decoder Extraction                 : YES
Priority Encoder Extraction        : Yes
Shift Register Extraction          : YES
Logical Shifter Extraction         : YES
XOR Collapsing                     : YES
ROM Style                          : Auto
Mux Extraction                     : Yes
Resource Sharing                   : YES
Asynchronous To Synchronous        : NO
Multiplier Style                   : Auto
Automatic Register Balancing       : No

---- Target Options
Add IO Buffers                     : YES
Global Maximum Fanout              : 500
Add Generic Clock Buffer(BUFG)     : 8
Register Duplication               : YES
Slice Packing                      : YES
Optimize Instantiated Primitives   : NO
Use Clock Enable                   : Yes
Use Synchronous Set                : Yes
Use Synchronous Reset              : Yes
Pack IO Registers into IOBs        : Auto
Equivalent register Removal        : YES

---- General Options
Optimization Goal                  : Speed
Optimization Effort                : 1
Keep Hierarchy                     : No
Netlist Hierarchy                  : As_Optimized
RTL Output                         : Yes
Global Optimization                : AllClockNets
Read Cores                         : YES
Write Timing Constraints           : NO
Cross Clock Analysis               : NO
Hierarchy Separator                : /
Bus Delimiter                      : <>
Case Specifier                     : Maintain
Slice Utilization Ratio            : 100
BRAM Utilization Ratio             : 100
Verilog 2001                       : YES
Auto BRAM Packing                  : NO
Slice Utilization Ratio Delta      : 5

=========================================================================


=========================================================================
*                          HDL Compilation                              *
=========================================================================
Compiling verilog file "adder_1bit.v" in library work
Compiling verilog file "adder_4bit.v" in library work
Module <adder_1bit> compiled
Compiling verilog file "adder_8bits.v" in library work
Module <adder_4bit> compiled
Compiling verilog file "xor32.v" in library work
Module <adder_8bits> compiled
Compiling verilog file "srl32.v" in library work
Module <xor32> compiled
Compiling verilog file "SignalExt_32.v" in library work
Module <srl32> compiled
Compiling verilog file "or_bit_32.v" in library work
Module <SignalExt_32> compiled
Compiling verilog file "or32.v" in library work
Module <or_bit_32> compiled
Compiling verilog file "nor32.v" in library work
Module <or32> compiled
Compiling verilog file "mux8to1_32.v" in library work
Module <nor32> compiled
Compiling verilog file "and32.v" in library work
Module <mux8to1_32> compiled
Compiling verilog file "ADC32.v" in library work
Module <and32> compiled
Compiling verilog file "ALU.vf" in library work
Module <ADC32> compiled
Module <ALU> compiled
No errors in compilation
Analysis of file <"ALU.prj"> succeeded.
 

=========================================================================
*                     Design Hierarchy Analysis                         *
=========================================================================
Analyzing hierarchy for module <ALU> in library <work>.

Analyzing hierarchy for module <ADC32> in library <work>.

Analyzing hierarchy for module <xor32> in library <work>.

Analyzing hierarchy for module <nor32> in library <work>.

Analyzing hierarchy for module <srl32> in library <work>.

Analyzing hierarchy for module <or_bit_32> in library <work>.

Analyzing hierarchy for module <SignalExt_32> in library <work>.

Analyzing hierarchy for module <or32> in library <work>.

Analyzing hierarchy for module <and32> in library <work>.

Analyzing hierarchy for module <mux8to1_32> in library <work>.

Analyzing hierarchy for module <adder_8bits> in library <work>.

Analyzing hierarchy for module <adder_4bit> in library <work>.

Analyzing hierarchy for module <adder_1bit> in library <work>.


=========================================================================
*                            HDL Analysis                               *
=========================================================================
Analyzing top module <ALU>.
Module <ALU> is correct for synthesis.
 
Analyzing module <ADC32> in library <work>.
Module <ADC32> is correct for synthesis.
 
Analyzing module <adder_8bits> in library <work>.
Module <adder_8bits> is correct for synthesis.
 
Analyzing module <adder_4bit> in library <work>.
Module <adder_4bit> is correct for synthesis.
 
Analyzing module <adder_1bit> in library <work>.
Module <adder_1bit> is correct for synthesis.
 
Analyzing module <xor32> in library <work>.
Module <xor32> is correct for synthesis.
 
Analyzing module <nor32> in library <work>.
Module <nor32> is correct for synthesis.
 
Analyzing module <srl32> in library <work>.
Module <srl32> is correct for synthesis.
 
Analyzing module <or_bit_32> in library <work>.
Module <or_bit_32> is correct for synthesis.
 
Analyzing module <SignalExt_32> in library <work>.
Module <SignalExt_32> is correct for synthesis.
 
Analyzing module <or32> in library <work>.
Module <or32> is correct for synthesis.
 
Analyzing module <and32> in library <work>.
Module <and32> is correct for synthesis.
 
Analyzing module <mux8to1_32> in library <work>.
WARNING:Xst:905 - "mux8to1_32.v" line 34: One or more signals are missing in the sensitivity list of always block. To enable synthesis of FPGA/CPLD hardware, XST will assume that all necessary signals are present in the sensitivity list. Please note that the result of the synthesis may differ from the initial design specification. The missing signals are:
   <x0>, <x1>, <x2>, <x3>, <x4>, <x5>, <x6>, <x7>
Module <mux8to1_32> is correct for synthesis.
 

=========================================================================
*                           HDL Synthesis                               *
=========================================================================

Performing bidirectional port resolution...

Synthesizing Unit <xor32>.
    Related source file is "xor32.v".
    Found 32-bit xor2 for signal <res>.
Unit <xor32> synthesized.


Synthesizing Unit <nor32>.
    Related source file is "nor32.v".
Unit <nor32> synthesized.


Synthesizing Unit <srl32>.
    Related source file is "srl32.v".
WARNING:Xst:647 - Input <A<0>> is never used. This port will be preserved and left unconnected if it belongs to a top-level block or it belongs to a sub-block and the hierarchy of this sub-block is preserved.
WARNING:Xst:647 - Input <B> is never used. This port will be preserved and left unconnected if it belongs to a top-level block or it belongs to a sub-block and the hierarchy of this sub-block is preserved.
Unit <srl32> synthesized.


Synthesizing Unit <or_bit_32>.
    Related source file is "or_bit_32.v".
Unit <or_bit_32> synthesized.


Synthesizing Unit <SignalExt_32>.
    Related source file is "SignalExt_32.v".
Unit <SignalExt_32> synthesized.


Synthesizing Unit <or32>.
    Related source file is "or32.v".
Unit <or32> synthesized.


Synthesizing Unit <and32>.
    Related source file is "and32.v".
Unit <and32> synthesized.


Synthesizing Unit <mux8to1_32>.
    Related source file is "mux8to1_32.v".
    Found 32-bit 8-to-1 multiplexer for signal <o>.
    Summary:
	inferred  32 Multiplexer(s).
Unit <mux8to1_32> synthesized.


Synthesizing Unit <adder_1bit>.
    Related source file is "adder_1bit.v".
    Found 1-bit xor3 for signal <sum>.
    Summary:
	inferred   1 Xor(s).
Unit <adder_1bit> synthesized.


Synthesizing Unit <adder_4bit>.
    Related source file is "adder_4bit.v".
Unit <adder_4bit> synthesized.


Synthesizing Unit <adder_8bits>.
    Related source file is "adder_8bits.v".
Unit <adder_8bits> synthesized.


Synthesizing Unit <ADC32>.
    Related source file is "ADC32.v".
Unit <ADC32> synthesized.


Synthesizing Unit <ALU>.
    Related source file is "ALU.vf".
WARNING:Xst:1306 - Output <overflow> is never assigned.
Unit <ALU> synthesized.


=========================================================================
HDL Synthesis Report

Macro Statistics
# Multiplexers                                         : 1
 32-bit 8-to-1 multiplexer                             : 1
# Xors                                                 : 34
 1-bit xor3                                            : 32
 32-bit xor2                                           : 2

=========================================================================

=========================================================================
*                       Advanced HDL Synthesis                          *
=========================================================================


=========================================================================
Advanced HDL Synthesis Report

Macro Statistics
# Multiplexers                                         : 1
 32-bit 8-to-1 multiplexer                             : 1
# Xors                                                 : 34
 1-bit xor3                                            : 32
 32-bit xor2                                           : 2

=========================================================================

=========================================================================
*                         Low Level Synthesis                           *
=========================================================================

Optimizing unit <ALU> ...

Mapping all equations...
Building and optimizing final netlist ...
Found area constraint ratio of 100 (+ 5) on block ALU, actual ratio is 9.

Final Macro Processing ...

=========================================================================
Final Register Report

Found no macro
=========================================================================

=========================================================================
*                           Partition Report                            *
=========================================================================

Partition Implementation Status
-------------------------------

  No Partitions were found in this design.

-------------------------------

=========================================================================
*                            Final Report                               *
=========================================================================
Final Results
RTL Top Level Output File Name     : ALU.ngr
Top Level Output File Name         : ALU
Output Format                      : NGC
Optimization Goal                  : Speed
Keep Hierarchy                     : No

Design Statistics
# IOs                              : 101

Cell Usage :
# BELS                             : 305
#      GND                         : 1
#      LUT2                        : 1
#      LUT3                        : 65
#      LUT4                        : 133
#      MUXCY                       : 8
#      MUXF5                       : 64
#      MUXF6                       : 32
#      VCC                         : 1
# IO Buffers                       : 100
#      IBUF                        : 67
#      OBUF                        : 33
=========================================================================

Device utilization summary:
---------------------------

Selected Device : 3s200ft256-4 

 Number of Slices:                      104  out of   1920     5%  
 Number of 4 input LUTs:                199  out of   3840     5%  
 Number of IOs:                         101
 Number of bonded IOBs:                 100  out of    173    57%  

---------------------------
Partition Resource Summary:
---------------------------

  No Partitions were found in this design.

---------------------------


=========================================================================
TIMING REPORT

NOTE: THESE TIMING NUMBERS ARE ONLY A SYNTHESIS ESTIMATE.
      FOR ACCURATE TIMING INFORMATION PLEASE REFER TO THE TRACE REPORT
      GENERATED AFTER PLACE-and-ROUTE.

Clock Information:
------------------
No clock signals found in this design

Asynchronous Control Signals Information:
----------------------------------------
No asynchronous control signals found in this design

Timing Summary:
---------------
Speed Grade: -4

   Minimum period: No path found
   Minimum input arrival time before clock: No path found
   Maximum output required time after clock: No path found
   Maximum combinational path delay: 59.860ns

Timing Detail:
--------------
All values displayed in nanoseconds (ns)

=========================================================================
Timing constraint: Default path analysis
  Total number of paths / destination ports: 7412 / 33
-------------------------------------------------------------------------
Delay:               59.860ns (Levels of Logic = 39)
  Source:            ALU_operation<2> (PAD)
  Destination:       zero (PAD)

  Data Path: ALU_operation<2> to zero
                                Gate     Net
    Cell:in->out      fanout   Delay   Delay  Logical Name (Net Name)
    ----------------------------------------  ------------
     IBUF:I->O            95   0.821   2.409  ALU_operation_2_IBUF (ALU_operation_2_IBUF)
     LUT3:I1->O            2   0.551   0.903  XLXI_4/A8_0/A4_0/A1_0/co1 (XLXI_4/A8_0/A4_0/Ctemp<0>)
     LUT4:I3->O            2   0.551   0.903  XLXI_4/A8_0/A4_0/A1_1/co1 (XLXI_4/A8_0/A4_0/Ctemp<1>)
     LUT4:I3->O            2   0.551   0.903  XLXI_4/A8_0/A4_0/A1_2/co1 (XLXI_4/A8_0/A4_0/Ctemp<2>)
     LUT4:I3->O            2   0.551   0.903  XLXI_4/A8_0/A4_0/A1_3/co1 (XLXI_4/A8_0/Ctemp)
     LUT4:I3->O            2   0.551   0.903  XLXI_4/A8_0/A4_1/A1_0/co1 (XLXI_4/A8_0/A4_1/Ctemp<0>)
     LUT4:I3->O            2   0.551   0.903  XLXI_4/A8_0/A4_1/A1_1/co1 (XLXI_4/A8_0/A4_1/Ctemp<1>)
     LUT4:I3->O            2   0.551   0.903  XLXI_4/A8_0/A4_1/A1_2/co1 (XLXI_4/A8_0/A4_1/Ctemp<2>)
     LUT4:I3->O            2   0.551   0.903  XLXI_4/A8_0/A4_1/A1_3/co1 (XLXI_4/Ctemp<0>)
     LUT4:I3->O            2   0.551   0.903  XLXI_4/A8_1/A4_0/A1_0/co1 (XLXI_4/A8_1/A4_0/Ctemp<0>)
     LUT4:I3->O            2   0.551   0.903  XLXI_4/A8_1/A4_0/A1_1/co1 (XLXI_4/A8_1/A4_0/Ctemp<1>)
     LUT4:I3->O            2   0.551   0.903  XLXI_4/A8_1/A4_0/A1_2/co1 (XLXI_4/A8_1/A4_0/Ctemp<2>)
     LUT4:I3->O            2   0.551   0.903  XLXI_4/A8_1/A4_0/A1_3/co1 (XLXI_4/A8_1/Ctemp)
     LUT4:I3->O            2   0.551   0.903  XLXI_4/A8_1/A4_1/A1_0/co1 (XLXI_4/A8_1/A4_1/Ctemp<0>)
     LUT4:I3->O            2   0.551   0.903  XLXI_4/A8_1/A4_1/A1_1/co1 (XLXI_4/A8_1/A4_1/Ctemp<1>)
     LUT4:I3->O            2   0.551   0.903  XLXI_4/A8_1/A4_1/A1_2/co1 (XLXI_4/A8_1/A4_1/Ctemp<2>)
     LUT4:I3->O            2   0.551   0.903  XLXI_4/A8_1/A4_1/A1_3/co1 (XLXI_4/Ctemp<1>)
     LUT4:I3->O            2   0.551   0.903  XLXI_4/A8_2/A4_0/A1_0/co1 (XLXI_4/A8_2/A4_0/Ctemp<0>)
     LUT4:I3->O            2   0.551   0.903  XLXI_4/A8_2/A4_0/A1_1/co1 (XLXI_4/A8_2/A4_0/Ctemp<1>)
     LUT4:I3->O            2   0.551   0.903  XLXI_4/A8_2/A4_0/A1_2/co1 (XLXI_4/A8_2/A4_0/Ctemp<2>)
     LUT4:I3->O            2   0.551   0.903  XLXI_4/A8_2/A4_0/A1_3/co1 (XLXI_4/A8_2/Ctemp)
     LUT4:I3->O            2   0.551   0.903  XLXI_4/A8_2/A4_1/A1_0/co1 (XLXI_4/A8_2/A4_1/Ctemp<0>)
     LUT4:I3->O            2   0.551   0.903  XLXI_4/A8_2/A4_1/A1_1/co1 (XLXI_4/A8_2/A4_1/Ctemp<1>)
     LUT4:I3->O            2   0.551   0.903  XLXI_4/A8_2/A4_1/A1_2/co1 (XLXI_4/A8_2/A4_1/Ctemp<2>)
     LUT4:I3->O            2   0.551   0.903  XLXI_4/A8_2/A4_1/A1_3/co1 (XLXI_4/Ctemp<2>)
     LUT4:I3->O            2   0.551   0.903  XLXI_4/A8_3/A4_0/A1_0/co1 (XLXI_4/A8_3/A4_0/Ctemp<0>)
     LUT4:I3->O            2   0.551   0.903  XLXI_4/A8_3/A4_0/A1_1/co1 (XLXI_4/A8_3/A4_0/Ctemp<1>)
     LUT4:I3->O            2   0.551   0.903  XLXI_4/A8_3/A4_0/A1_2/co1 (XLXI_4/A8_3/A4_0/Ctemp<2>)
     LUT4:I3->O            2   0.551   0.903  XLXI_4/A8_3/A4_0/A1_3/co1 (XLXI_4/A8_3/Ctemp)
     LUT4:I3->O            2   0.551   0.903  XLXI_4/A8_3/A4_1/A1_0/co1 (XLXI_4/A8_3/A4_1/Ctemp<0>)
     LUT4:I3->O            2   0.551   0.903  XLXI_4/A8_3/A4_1/A1_1/co1 (XLXI_4/A8_3/A4_1/Ctemp<1>)
     LUT4:I3->O            2   0.551   0.903  XLXI_4/A8_3/A4_1/A1_2/co1 (XLXI_4/A8_3/A4_1/Ctemp<2>)
     LUT4:I3->O            2   0.551   1.072  XLXI_4/A8_3/A4_1/A1_3/Mxor_sum_xo<0>1 (S<31>)
     LUT3:I1->O            1   0.551   0.000  XLXI_20/Mmux_o_424 (XLXI_20/Mmux_o_424)
     MUXF5:I1->O           1   0.360   0.000  XLXI_20/Mmux_o_3_f5_23 (XLXI_20/Mmux_o_3_f524)
     MUXF6:I1->O           2   0.342   0.945  XLXI_20/Mmux_o_2_f6_23 (res_31_OBUF)
     LUT4:I2->O            1   0.551   0.000  XLXI_8/o_wg_lut<7> (XLXI_8/o_wg_lut<7>)
     MUXCY:S->O            1   0.739   0.801  XLXI_8/o_wg_cy<7> (zero_OBUF)
     OBUF:I->O                 5.644          zero_OBUF (zero)
    ----------------------------------------
    Total                     59.860ns (26.640ns logic, 33.220ns route)
                                       (44.5% logic, 55.5% route)

=========================================================================


Total REAL time to Xst completion: 5.00 secs
Total CPU time to Xst completion: 4.80 secs
 
--> 

Total memory usage is 189888 kilobytes

Number of errors   :    0 (   0 filtered)
Number of warnings :    4 (   0 filtered)
Number of infos    :    0 (   0 filtered)

