Running: D:\XilinxIse\14.6\ISE_DS\ISE\bin\nt64\unwrapped\fuse.exe -intstyle ise -incremental -lib unisims_ver -lib unimacro_ver -lib xilinxcorelib_ver -o D:/Users/ZPC_MIPS/AAI_CPU/Muliti_CPU_isim_beh.exe -prj D:/Users/ZPC_MIPS/AAI_CPU/Muliti_CPU_beh.prj work.Muliti_CPU work.glbl 
ISim P.68d (signature 0x7708f090)
Number of CPUs detected in this system: 8
Turning on mult-threading, number of parallel sub-compilation jobs: 16 
Determining compilation order of HDL files
Analyzing Verilog file "D:/Users/ZPC_MIPS/AAI_CPU/xor32.v" into library work
Analyzing Verilog file "D:/Users/ZPC_MIPS/AAI_CPU/srl32.v" into library work
Analyzing Verilog file "D:/Users/ZPC_MIPS/AAI_CPU/SignalExt_32.v" into library work
Analyzing Verilog file "D:/Users/ZPC_MIPS/AAI_CPU/or_bit_32.v" into library work
Analyzing Verilog file "D:/Users/ZPC_MIPS/AAI_CPU/or32.v" into library work
Analyzing Verilog file "D:/Users/ZPC_MIPS/AAI_CPU/nor32.v" into library work
Analyzing Verilog file "D:/Users/ZPC_MIPS/AAI_CPU/mux8to1_32.v" into library work
Analyzing Verilog file "D:/Users/ZPC_MIPS/AAI_CPU/and32.v" into library work
Analyzing Verilog file "D:/Users/ZPC_MIPS/AAI_CPU/ADC32.v" into library work
Analyzing Verilog file "D:/Users/ZPC_MIPS/AAI_CPU/Regs.v" into library work
Analyzing Verilog file "D:/Users/ZPC_MIPS/AAI_CPU/REG32.v" into library work
Analyzing Verilog file "D:/Users/ZPC_MIPS/AAI_CPU/PCNext.v" into library work
Analyzing Verilog file "D:/Users/ZPC_MIPS/AAI_CPU/mux4to1_5.v" into library work
Analyzing Verilog file "D:/Users/ZPC_MIPS/AAI_CPU/mux4to1_32.v" into library work
Analyzing Verilog file "D:/Users/ZPC_MIPS/AAI_CPU/mux2to1_32.v" into library work
Analyzing Verilog file "D:/Users/ZPC_MIPS/AAI_CPU/Ext_32_Unsigned.v" into library work
Analyzing Verilog file "D:/Users/ZPC_MIPS/AAI_CPU/Ext_32.v" into library work
Analyzing Verilog file "D:/Users/ZPC_MIPS/AAI_CPU/CoPorcessor0.v" into library work
Analyzing Verilog file "D:/Users/ZPC_MIPS/AAI_CPU/ALU.vf" into library work
Analyzing Verilog file "D:/Users/ZPC_MIPS/AAI_CPU/Data_path.vf" into library work
Analyzing Verilog file "D:/Users/ZPC_MIPS/AAI_CPU/ctrl.v" into library work
Analyzing Verilog file "D:/Users/ZPC_MIPS/AAI_CPU/Muliti_CPU.vf" into library work
Analyzing Verilog file "D:/XilinxIse/14.6/ISE_DS/ISE//verilog/src/glbl.v" into library work
Starting static elaboration
WARNING:HDLCompiler:1016 - "D:/Users/ZPC_MIPS/AAI_CPU/Muliti_CPU.vf" Line 379: Port CP0Src is not connected to this instance
Completed static elaboration
Compiling module ctrl
Compiling module REG32
Compiling module Ext_32
Compiling module mux4to1_5
Compiling module mux4to1_32
Compiling module mux2to1_32
Compiling module ADC32
Compiling module xor32
Compiling module nor32
Compiling module srl32
Compiling module or_bit_32
Compiling module SignalExt_32
Compiling module or32
Compiling module and32
Compiling module mux8to1_32
Compiling module GND
Compiling module alu_MUSER_Data_path
Compiling module Regs
Compiling module XOR2
Compiling module INV
Compiling module AND2
Compiling module OR2
Compiling module VCC
Compiling module Ext_32_Unsigned
Compiling module PCNext
Compiling module CoPorcessor0
Compiling module Data_path
Compiling module Muliti_CPU
Compiling module glbl
Time Resolution for simulation is 1ps.
Waiting for 14 sub-compilation(s) to finish...
WARNING:Simulator - Unable to copy libPortabilityNOSH.dll to the simulation executable directory: boost::filesystem::copy_file: 系统找不到指定的路径。, "isim\Muliti_CPU_isim_beh.exe.sim\libPortability.dll".
Compiled 29 Verilog Units
Built simulation executable D:/Users/ZPC_MIPS/AAI_CPU/Muliti_CPU_isim_beh.exe
Fuse Memory Usage: 29936 KB
Fuse CPU Usage: 656 ms
