ISim log file
Running: D:\Users\ZPC_MIPS\AAI_CPU\Top_SCPU_IOBUS_App_isim_beh.exe -intstyle ise -gui -tclbatch isim.cmd -wdb D:/Users/ZPC_MIPS/AAI_CPU/Top_SCPU_IOBUS_App_isim_beh.wdb 
ISim P.68d (signature 0x7708f090)
This is a Full version of ISim.
Time resolution is 1 ps
# onerror resume
# wave add /
# run 1000 ns
Simulator is doing circuit initialization process.
 Block Memory Generator CORE Generator module loading initial data...
 Block Memory Generator data initialization complete.
Block Memory Generator CORE Generator module Top_SCPU_IOBUS_App.U3.inst.\native_mem_module.blk_mem_gen_v7_3_inst  is using a behavioral model for simulation which will not precisely model memory collision behavior.
WARNING: This core is supplied with a behavioral model. To model cycle-accurate behavior you must run timing simulation.
Finished circuit initialization process.
# isim force add /Top_SCPU_IOBUS_App/clk_50mhz 1 -radix bin -value 0 -radix bin -time 10 ns -repeat 20 ns
# isim force add /Top_SCPU_IOBUS_App/Clk_CPU 1 -radix bin -value 0 -radix bin -time 10 ns -repeat 20 ns
# isim force add /Top_SCPU_IOBUS_App/rst 1 -radix bin
# run 20ns
# isim force add /Top_SCPU_IOBUS_App/rst 0 -radix bin
# run 20ns
# run 20ns
# run 20ns
# run 20ns
# run 20ns
# run 20ns
# run 20ns
# run 20ns
# run 20ns
# run 20ns
# run 20ns
# run 20ns
# run 20ns
# run 20ns
# run 20ns
# run 20ns
# run 20ns
# run 20ns
# run 20ns
# run 20ns
# run 20ns
# run 20ns
# run 20ns
# run 20ns
# run 20ns
# run 20ns
# run 20ns
# run 20ns
# run 20ns
# run 20ns
# run 20ns
# run 20ns
# run 20ns
# run 20ns
# run 20ns
# run 20ns
# run 20ns
# run 20ns
# run 20ns
# run 20ns
# run 20ns
# run 20ns
# run 20ns
# run 20ns
# run 20ns
# run 20ns
# run 20ns
# run 20ns
# run 20ns
# run 20ns
# run 20ns
# run 20ns
# run 20ns
# run 20ns
# run 20ns
# isim force add /Top_SCPU_IOBUS_App/counter0_out 1 -radix bin
# run 20ns
# run 20ns
# run 20ns
# run 20ns
# run 20ns
# run 20ns
# run 20ns
# run 20ns
# run 20ns
# run 20ns
# run 20ns
# isim force add /Top_SCPU_IOBUS_App/counter0_out 0 -radix bin
# run 20ns
# run 20ns
# run 20ns
# run 20ns
# run 20ns
# run 20ns
# run 20ns
# run 20ns
# run 20ns
# run 20ns
# run 20ns
# run 20ns
# run 20ns
# run 20ns
# run 20ns
# run 20ns
# run 20ns
# run 20ns
# run 20ns
# isim force add /Top_SCPU_IOBUS_App/counter0_out 1 -radix bin
# run 20ns
# run 20ns
# run 20ns
# run 20ns
# run 20ns
# run 20ns
# run 20ns
# run 20ns
# run 20ns
# run 20ns
# run 20ns
# run 20ns
# run 20ns
# run 20ns
# isim force add /Top_SCPU_IOBUS_App/counter0_out 0 -radix bin
# run 20ns
# run 20ns
# run 20ns
# run 20ns
# run 20ns
# run 20ns
# run 20ns
# run 20ns
# run 20ns
# run 20ns
# run 20ns
# run 20ns
# run 20ns
# run 20ns
# run 20ns
# run 20ns
# run 20ns
# run 20ns
# run 20ns
# run 20ns
# run 20ns
# run 20ns
# run 20ns
# run 20ns
# run 20ns
# run 20ns
# run 20ns
# run 20ns
# run 20ns
# run 20ns
# run 20ns
# run 20ns
# run 20ns
# run 20ns
# run 20ns
# run 20ns
# run 20ns
# run 20ns
# run 20ns
