Release 14.6 - ngc2edif P.68d (nt64)
Copyright (c) 1995-2013 Xilinx, Inc.  All rights reserved.
Reading design Top_SCPU_IOBUS_App.ngc ...
WARNING:NetListWriters:298 - No output is written to Top_SCPU_IOBUS_App.xncf,
   ignored.
Processing design ...
   Preping design's networks ...
   Preping design's macros ...
WARNING:NetListWriters:306 - Signal bus clkdiv<24 : 7> on block
   Top_SCPU_IOBUS_App is not reconstructed, because there are some missing bus
   signals.
  finished :Prep
Writing EDIF netlist file Top_SCPU_IOBUS_App.edif ...
ngc2edif: Total memory usage is 93180 kilobytes

Release 14.6 - ngc2edif P.68d (nt64)
Copyright (c) 1995-2013 Xilinx, Inc.  All rights reserved.
Reading design RAM_B.ngc ...
WARNING:NetListWriters:298 - No output is written to RAM_B.xncf, ignored.
Processing design ...
   Preping design's networks ...
   Preping design's macros ...
  finished :Prep
Writing EDIF netlist file RAM_B.edif ...
ngc2edif: Total memory usage is 80892 kilobytes

Release 14.6 - ngc2edif P.68d (nt64)
Copyright (c) 1995-2013 Xilinx, Inc.  All rights reserved.
Reading design seven_seg_dev.ngc ...
WARNING:NetListWriters:298 - No output is written to seven_seg_dev.xncf,
   ignored.
Processing design ...
   Preping design's networks ...
   Preping design's macros ...
  finished :Prep
Writing EDIF netlist file seven_seg_dev.edif ...
ngc2edif: Total memory usage is 80892 kilobytes

Release 14.6 - ngc2edif P.68d (nt64)
Copyright (c) 1995-2013 Xilinx, Inc.  All rights reserved.
Reading design clk_div.ngc ...
WARNING:NetListWriters:298 - No output is written to clk_div.xncf, ignored.
Processing design ...
   Preping design's networks ...
   Preping design's macros ...
  finished :Prep
Writing EDIF netlist file clk_div.edif ...
ngc2edif: Total memory usage is 80892 kilobytes

Release 14.6 - ngc2edif P.68d (nt64)
Copyright (c) 1995-2013 Xilinx, Inc.  All rights reserved.
Reading design Anti_jitter.ngc ...
WARNING:NetListWriters:298 - No output is written to Anti_jitter.xncf, ignored.
Processing design ...
   Preping design's networks ...
   Preping design's macros ...
WARNING:NetListWriters:306 - Signal bus Mcompar_counter_cmp_lt0000_lut<10 : 1>
   on block Anti_jitter is not reconstructed, because there are some missing bus
   signals.
WARNING:NetListWriters:306 - Signal bus Mcompar_rst_counter_cmp_ge0000_lut<11 :
   1> on block Anti_jitter is not reconstructed, because there are some missing
   bus signals.
  finished :Prep
Writing EDIF netlist file Anti_jitter.edif ...
ngc2edif: Total memory usage is 84988 kilobytes

Release 14.6 - ngc2edif P.68d (nt64)
Copyright (c) 1995-2013 Xilinx, Inc.  All rights reserved.
Reading design Counter_x.ngc ...
WARNING:NetListWriters:298 - No output is written to Counter_x.xncf, ignored.
Processing design ...
   Preping design's networks ...
   Preping design's macros ...
  finished :Prep
Writing EDIF netlist file Counter_x.edif ...
ngc2edif: Total memory usage is 84988 kilobytes

