Release 14.6 - xst P.68d (nt64)
Copyright (c) 1995-2013 Xilinx, Inc.  All rights reserved.
--> Parameter TMPDIR set to xst/projnav.tmp


Total REAL time to Xst completion: 0.00 secs
Total CPU time to Xst completion: 0.08 secs
 
--> Parameter xsthdpdir set to xst


Total REAL time to Xst completion: 0.00 secs
Total CPU time to Xst completion: 0.08 secs
 
--> Reading design: Top_SCPU_IOBUS_App.prj

TABLE OF CONTENTS
  1) Synthesis Options Summary
  2) HDL Compilation
  3) Design Hierarchy Analysis
  4) HDL Analysis
  5) HDL Synthesis
     5.1) HDL Synthesis Report
  6) Advanced HDL Synthesis
     6.1) Advanced HDL Synthesis Report
  7) Low Level Synthesis
  8) Partition Report
  9) Final Report
	9.1) Device utilization summary
	9.2) Partition Resource Summary
	9.3) TIMING REPORT


=========================================================================
*                      Synthesis Options Summary                        *
=========================================================================
---- Source Parameters
Input File Name                    : "Top_SCPU_IOBUS_App.prj"
Input Format                       : mixed
Ignore Synthesis Constraint File   : NO

---- Target Parameters
Output File Name                   : "Top_SCPU_IOBUS_App"
Output Format                      : NGC
Target Device                      : xc3s500e-4-fg320

---- Source Options
Top Module Name                    : Top_SCPU_IOBUS_App
Automatic FSM Extraction           : YES
FSM Encoding Algorithm             : Auto
Safe Implementation                : No
FSM Style                          : LUT
RAM Extraction                     : Yes
RAM Style                          : Auto
ROM Extraction                     : Yes
Mux Style                          : Auto
Decoder Extraction                 : YES
Priority Encoder Extraction        : Yes
Shift Register Extraction          : YES
Logical Shifter Extraction         : YES
XOR Collapsing                     : YES
ROM Style                          : Auto
Mux Extraction                     : Yes
Resource Sharing                   : YES
Asynchronous To Synchronous        : NO
Multiplier Style                   : Auto
Automatic Register Balancing       : No

---- Target Options
Add IO Buffers                     : YES
Global Maximum Fanout              : 100000
Add Generic Clock Buffer(BUFG)     : 24
Register Duplication               : YES
Slice Packing                      : YES
Optimize Instantiated Primitives   : NO
Use Clock Enable                   : Yes
Use Synchronous Set                : Yes
Use Synchronous Reset              : Yes
Pack IO Registers into IOBs        : False
Equivalent register Removal        : YES

---- General Options
Optimization Goal                  : Area
Optimization Effort                : 2
Keep Hierarchy                     : No
Netlist Hierarchy                  : As_Optimized
RTL Output                         : Yes
Global Optimization                : AllClockNets
Read Cores                         : YES
Write Timing Constraints           : NO
Cross Clock Analysis               : NO
Hierarchy Separator                : /
Bus Delimiter                      : <>
Case Specifier                     : Maintain
Slice Utilization Ratio            : 100
BRAM Utilization Ratio             : 100
Verilog 2001                       : YES
Auto BRAM Packing                  : YES
Slice Utilization Ratio Delta      : 5

---- Other Options
Cores Search Directories           : {"ipcore_dir"  }

=========================================================================


=========================================================================
*                          HDL Compilation                              *
=========================================================================
Compiling verilog file "xor32.v" in library work
Compiling verilog file "srl32.v" in library work
Module <xor32> compiled
Compiling verilog file "SignalExt_32.v" in library work
Module <srl32> compiled
Compiling verilog file "or_bit_32.v" in library work
Module <SignalExt_32> compiled
Compiling verilog file "or32.v" in library work
Module <or_bit_32> compiled
Compiling verilog file "nor32.v" in library work
Module <or32> compiled
Compiling verilog file "mux8to1_32.v" in library work
Module <nor32> compiled
Compiling verilog file "and32.v" in library work
Module <mux8to1_32> compiled
Compiling verilog file "ADC32.v" in library work
Module <and32> compiled
Compiling verilog file "Regs.v" in library work
Module <ADC32> compiled
Compiling verilog file "REG32.v" in library work
Module <Regs> compiled
Compiling verilog file "PC_Minus_4.v" in library work
Module <REG32> compiled
Compiling verilog file "mux4to1_5.v" in library work
Module <PC_Minus_4> compiled
Compiling verilog file "mux4to1_32.v" in library work
Module <mux4to1_5> compiled
Compiling verilog file "mux2to1_32.v" in library work
Module <mux4to1_32> compiled
Compiling verilog file "Ext_32_Unsigned.v" in library work
Module <mux2to1_32> compiled
Compiling verilog file "Ext_32.v" in library work
Module <Ext_32_Unsigned> compiled
Compiling verilog file "CoPorcessor0.v" in library work
Module <Ext_32> compiled
Compiling verilog file "ALU.vf" in library work
Module <CoPorcessor0> compiled
Compiling verilog file "vga_sync.v" in library work
Module <ALU> compiled
Compiling verilog file "pixel_generation.v" in library work
Module <vga_sync> compiled
Compiling verilog file "Data_path.vf" in library work
Module <pixel_generation> compiled
Module <alu_MUSER_Data_path> compiled
Compiling verilog file "ctrl.v" in library work
Module <Data_path> compiled
Compiling verilog file "VGA_controller.v" in library work
Module <ctrl> compiled
Compiling verilog file "ps2_keyboard.v" in library work
Module <VGA_controller> compiled
Compiling verilog file "Muliti_CPU.vf" in library work
Module <ps2_keyboard> compiled
Module <alu_MUSER_Muliti_CPU> compiled
Module <Data_path_MUSER_Muliti_CPU> compiled
Compiling verilog file "MIO_BUS.v" in library work
Module <Muliti_CPU> compiled
Compiling verilog file "led_Dev_IO.v" in library work
Module <MIO_BUS> compiled
Compiling verilog file "ipcore_dir/VRAM.v" in library work
Module <led_Dev_IO> compiled
Compiling verilog file "ipcore_dir/RAM_B.v" in library work
Module <VRAM> compiled
Compiling verilog file "Counter_3channel.v" in library work
Module <RAM_B> compiled
Compiling verilog file "clk_div.v" in library work
Module <Counter_x> compiled
Compiling verilog file "Anti_jitter.v" in library work
Module <clk_div> compiled
Compiling verilog file "Top_SCPU_IOBUS_App.vf" in library work
Module <Anti_jitter> compiled
Module <alu_MUSER_Top_SCPU_IOBUS_App> compiled
Module <Data_path_MUSER_Top_SCPU_IOBUS_App> compiled
Module <Muliti_CPU_MUSER_Top_SCPU_IOBUS_App> compiled
Module <Top_SCPU_IOBUS_App> compiled
No errors in compilation
Analysis of file <"Top_SCPU_IOBUS_App.prj"> succeeded.
 

=========================================================================
*                     Design Hierarchy Analysis                         *
=========================================================================
Analyzing hierarchy for module <Top_SCPU_IOBUS_App> in library <work>.

Analyzing hierarchy for module <Muliti_CPU_MUSER_Top_SCPU_IOBUS_App> in library <work>.

Analyzing hierarchy for module <MIO_BUS> in library <work>.

Analyzing hierarchy for module <led_Dev_IO> in library <work>.

Analyzing hierarchy for module <VGA_controller> in library <work>.

Analyzing hierarchy for module <ps2_keyboard> in library <work>.

Analyzing hierarchy for module <ctrl> in library <work> with parameters.
	ADD = "010"
	AND = "000"
	CP0_RD = "10000"
	CP0_WD = "10001"
	EX_I = "00100"
	EX_Mem = "00011"
	EX_R = "00010"
	EX_beq = "00110"
	EX_bne = "00111"
	EX_j = "01010"
	EX_jal = "01001"
	EX_jr = "01000"
	Error = "11111"
	ID = "00001"
	IF = "00000"
	INT_JHANDLER = "10101"
	INT_RET = "10110"
	INT_WCAUSE = "10011"
	INT_WEPC = "10010"
	INT_WSHIFT = "10100"
	MEM_RD = "01011"
	MEM_WD = "01100"
	NOR = "100"
	OR = "001"
	SLT = "111"
	SRL = "101"
	SUB = "110"
	WB_I = "01110"
	WB_LW = "01111"
	WB_Lui = "00101"
	WB_R = "01101"
	XOR = "011"

Analyzing hierarchy for module <Data_path> in library <work>.

Analyzing hierarchy for module <vga_sync> in library <work> with parameters.
	HB = "00000000000000000000000000010000"
	HD = "00000000000000000000001010000000"
	HF = "00000000000000000000000000110000"
	HR = "00000000000000000000000001100000"
	VB = "00000000000000000000000000001010"
	VD = "00000000000000000000000111100000"
	VF = "00000000000000000000000000100001"
	VR = "00000000000000000000000000000010"

Analyzing hierarchy for module <pixel_generation> in library <work>.

Analyzing hierarchy for module <REG32> in library <work>.

Analyzing hierarchy for module <Ext_32> in library <work>.

Analyzing hierarchy for module <mux4to1_5> in library <work>.

Analyzing hierarchy for module <mux4to1_32> in library <work>.

Analyzing hierarchy for module <mux2to1_32> in library <work>.

Analyzing hierarchy for module <alu_MUSER_Data_path> in library <work>.

Analyzing hierarchy for module <Regs> in library <work>.

Analyzing hierarchy for module <Ext_32_Unsigned> in library <work>.

Analyzing hierarchy for module <mux8to1_32> in library <work>.

Analyzing hierarchy for module <CoPorcessor0> in library <work>.

Analyzing hierarchy for module <PC_Minus_4> in library <work>.

Analyzing hierarchy for module <ADC32> in library <work>.

Analyzing hierarchy for module <xor32> in library <work>.

Analyzing hierarchy for module <nor32> in library <work>.

Analyzing hierarchy for module <srl32> in library <work>.

Analyzing hierarchy for module <or_bit_32> in library <work>.

Analyzing hierarchy for module <SignalExt_32> in library <work>.

Analyzing hierarchy for module <or32> in library <work>.

Analyzing hierarchy for module <and32> in library <work>.


=========================================================================
*                            HDL Analysis                               *
=========================================================================
Analyzing top module <Top_SCPU_IOBUS_App>.
WARNING:Xst:852 - "Top_SCPU_IOBUS_App.vf" line 495: Unconnected input port 'INT_CNT' of instance 'U1' is tied to GND.
WARNING:Xst:2211 - "ipcore_dir/RAM_B.v" line 510: Instantiating black box module <RAM_B>.
WARNING:Xst:2211 - "clk_div.v" line 539: Instantiating black box module <clk_div>.
WARNING:Xst:2211 - "Anti_jitter.v" line 544: Instantiating black box module <Anti_jitter>.
WARNING:Xst:2211 - "Counter_3channel.v" line 551: Instantiating black box module <Counter_x>.
WARNING:Xst:2211 - "ipcore_dir/VRAM.v" line 582: Instantiating black box module <VRAM>.
Module <Top_SCPU_IOBUS_App> is correct for synthesis.
 
Analyzing module <Muliti_CPU_MUSER_Top_SCPU_IOBUS_App> in library <work>.
Module <Muliti_CPU_MUSER_Top_SCPU_IOBUS_App> is correct for synthesis.
 
Analyzing module <ctrl> in library <work>.
	ADD = 3'b010
	AND = 3'b000
	CP0_RD = 5'b10000
	CP0_WD = 5'b10001
	EX_I = 5'b00100
	EX_Mem = 5'b00011
	EX_R = 5'b00010
	EX_beq = 5'b00110
	EX_bne = 5'b00111
	EX_j = 5'b01010
	EX_jal = 5'b01001
	EX_jr = 5'b01000
	Error = 5'b11111
	ID = 5'b00001
	IF = 5'b00000
	INT_JHANDLER = 5'b10101
	INT_RET = 5'b10110
	INT_WCAUSE = 5'b10011
	INT_WEPC = 5'b10010
	INT_WSHIFT = 5'b10100
	MEM_RD = 5'b01011
	MEM_WD = 5'b01100
	NOR = 3'b100
	OR = 3'b001
	SLT = 3'b111
	SRL = 3'b101
	SUB = 3'b110
	WB_I = 5'b01110
	WB_LW = 5'b01111
	WB_Lui = 5'b00101
	WB_R = 5'b01101
	XOR = 3'b011
Module <ctrl> is correct for synthesis.
 
Analyzing module <Data_path> in library <work>.
WARNING:Xst:852 - "Data_path.vf" line 260: Unconnected input port 'x5' of instance 'XLXI_33' is tied to GND.
WARNING:Xst:852 - "Data_path.vf" line 260: Unconnected input port 'x6' of instance 'XLXI_33' is tied to GND.
WARNING:Xst:852 - "Data_path.vf" line 260: Unconnected input port 'x7' of instance 'XLXI_33' is tied to GND.
WARNING:Xst:852 - "Data_path.vf" line 271: Unconnected input port 'x6' of instance 'XLXI_35' is tied to GND.
WARNING:Xst:852 - "Data_path.vf" line 271: Unconnected input port 'x7' of instance 'XLXI_35' is tied to GND.
WARNING:Xst:852 - "Data_path.vf" line 297: Unconnected input port 'x6' of instance 'XLXI_61' is tied to GND.
WARNING:Xst:852 - "Data_path.vf" line 297: Unconnected input port 'x7' of instance 'XLXI_61' is tied to GND.
Module <Data_path> is correct for synthesis.
 
Analyzing module <REG32> in library <work>.
Module <REG32> is correct for synthesis.
 
Analyzing module <Ext_32> in library <work>.
Module <Ext_32> is correct for synthesis.
 
Analyzing module <mux4to1_5> in library <work>.
Module <mux4to1_5> is correct for synthesis.
 
Analyzing module <mux4to1_32> in library <work>.
Module <mux4to1_32> is correct for synthesis.
 
Analyzing module <mux2to1_32> in library <work>.
Module <mux2to1_32> is correct for synthesis.
 
Analyzing module <alu_MUSER_Data_path> in library <work>.
Module <alu_MUSER_Data_path> is correct for synthesis.
 
Analyzing module <ADC32> in library <work>.
Module <ADC32> is correct for synthesis.
 
Analyzing module <xor32> in library <work>.
Module <xor32> is correct for synthesis.
 
Analyzing module <nor32> in library <work>.
Module <nor32> is correct for synthesis.
 
Analyzing module <srl32> in library <work>.
Module <srl32> is correct for synthesis.
 
Analyzing module <or_bit_32> in library <work>.
Module <or_bit_32> is correct for synthesis.
 
Analyzing module <SignalExt_32> in library <work>.
Module <SignalExt_32> is correct for synthesis.
 
Analyzing module <or32> in library <work>.
Module <or32> is correct for synthesis.
 
Analyzing module <and32> in library <work>.
Module <and32> is correct for synthesis.
 
Analyzing module <Regs> in library <work>.
Module <Regs> is correct for synthesis.
 
Analyzing module <Ext_32_Unsigned> in library <work>.
Module <Ext_32_Unsigned> is correct for synthesis.
 
Analyzing module <mux8to1_32> in library <work>.
Module <mux8to1_32> is correct for synthesis.
 
Analyzing module <CoPorcessor0> in library <work>.
Module <CoPorcessor0> is correct for synthesis.
 
Analyzing module <PC_Minus_4> in library <work>.
Module <PC_Minus_4> is correct for synthesis.
 
Analyzing module <MIO_BUS> in library <work>.
Module <MIO_BUS> is correct for synthesis.
 
Analyzing module <led_Dev_IO> in library <work>.
Module <led_Dev_IO> is correct for synthesis.
 
Analyzing module <VGA_controller> in library <work>.
Module <VGA_controller> is correct for synthesis.
 
Analyzing module <vga_sync> in library <work>.
	HB = 32'sb00000000000000000000000000010000
	HD = 32'sb00000000000000000000001010000000
	HF = 32'sb00000000000000000000000000110000
	HR = 32'sb00000000000000000000000001100000
	VB = 32'sb00000000000000000000000000001010
	VD = 32'sb00000000000000000000000111100000
	VF = 32'sb00000000000000000000000000100001
	VR = 32'sb00000000000000000000000000000010
Module <vga_sync> is correct for synthesis.
 
Analyzing module <pixel_generation> in library <work>.
Module <pixel_generation> is correct for synthesis.
 
Analyzing module <ps2_keyboard> in library <work>.
Module <ps2_keyboard> is correct for synthesis.
 

=========================================================================
*                           HDL Synthesis                               *
=========================================================================

Performing bidirectional port resolution...
INFO:Xst:2679 - Register <i> in unit <Regs> has a constant value of 100000 during circuit operation. The register is replaced by logic.
INFO:Xst:2679 - Register <i> in unit <CoPorcessor0> has a constant value of 100000 during circuit operation. The register is replaced by logic.

Synthesizing Unit <MIO_BUS>.
    Related source file is "MIO_BUS.v".
WARNING:Xst:647 - Input <clk> is never used. This port will be preserved and left unconnected if it belongs to a top-level block or it belongs to a sub-block and the hierarchy of this sub-block is preserved.
WARNING:Xst:647 - Input <counter2_out> is never used. This port will be preserved and left unconnected if it belongs to a top-level block or it belongs to a sub-block and the hierarchy of this sub-block is preserved.
WARNING:Xst:647 - Input <rst> is never used. This port will be preserved and left unconnected if it belongs to a top-level block or it belongs to a sub-block and the hierarchy of this sub-block is preserved.
WARNING:Xst:647 - Input <SW<7:4>> is never used. This port will be preserved and left unconnected if it belongs to a top-level block or it belongs to a sub-block and the hierarchy of this sub-block is preserved.
WARNING:Xst:647 - Input <counter0_out> is never used. This port will be preserved and left unconnected if it belongs to a top-level block or it belongs to a sub-block and the hierarchy of this sub-block is preserved.
WARNING:Xst:647 - Input <led_out> is never used. This port will be preserved and left unconnected if it belongs to a top-level block or it belongs to a sub-block and the hierarchy of this sub-block is preserved.
WARNING:Xst:647 - Input <counter1_out> is never used. This port will be preserved and left unconnected if it belongs to a top-level block or it belongs to a sub-block and the hierarchy of this sub-block is preserved.
WARNING:Xst:737 - Found 9-bit latch for signal <vram_addr>. Latches may be generated from incomplete case or if statements. We do not recommend the use of latches in FPGA/CPLD designs, as they may lead to timing problems.
WARNING:Xst:737 - Found 32-bit latch for signal <Cpu_data4bus>. Latches may be generated from incomplete case or if statements. We do not recommend the use of latches in FPGA/CPLD designs, as they may lead to timing problems.
INFO:Xst:2371 - HDL ADVISOR - Logic functions respectively driving the data and gate enable inputs of this latch share common terms. This situation will potentially lead to setup/hold violations and, as a result, to simulation problems. This situation may come from an incomplete case statement (all selector values are not covered). You should carefully review if it was in your intentions to describe such a latch.
    Found 32-bit 4-to-1 multiplexer for signal <Peripheral_in>.
    Summary:
	inferred  32 Multiplexer(s).
Unit <MIO_BUS> synthesized.


Synthesizing Unit <led_Dev_IO>.
    Related source file is "led_Dev_IO.v".
    Found 22-bit register for signal <GPIOf0>.
    Found 2-bit register for signal <counter_set>.
    Found 8-bit register for signal <LED>.
    Summary:
	inferred  24 D-type flip-flop(s).
Unit <led_Dev_IO> synthesized.


Synthesizing Unit <ps2_keyboard>.
    Related source file is "ps2_keyboard.v".
    Found 8x8-bit dual-port RAM <Mram_fifo> for signal <fifo>.
    Found 1-bit register for signal <overflow>.
    Found 3-bit comparator not equal for signal <ready>.
    Found 3-bit comparator not equal for signal <$cmp_ne0000> created at line 48.
    Found 1-bit xor9 for signal <and0000$xor0000> created at line 47.
    Found 10-bit register for signal <buffer>.
    Found 3-bit adder for signal <cmp_ne0000$add0000> created at line 48.
    Found 4-bit up counter for signal <count>.
    Found 2-bit register for signal <ps2_clk_sync>.
    Found 3-bit up counter for signal <r_ptr>.
    Found 3-bit up counter for signal <w_ptr>.
    Found 3-bit comparator equal for signal <w_ptr$cmp_eq0000> created at line 48.
    Summary:
	inferred   1 RAM(s).
	inferred   3 Counter(s).
	inferred  13 D-type flip-flop(s).
	inferred   1 Adder/Subtractor(s).
	inferred   3 Comparator(s).
	inferred   1 Xor(s).
Unit <ps2_keyboard> synthesized.


Synthesizing Unit <ctrl>.
    Related source file is "ctrl.v".
WARNING:Xst:1305 - Output <CP0Src> is never assigned. Tied to value 00.
WARNING:Xst:647 - Input <Inst_in<20:6>> is never used. This port will be preserved and left unconnected if it belongs to a top-level block or it belongs to a sub-block and the hierarchy of this sub-block is preserved.
WARNING:Xst:647 - Input <zero> is never used. This port will be preserved and left unconnected if it belongs to a top-level block or it belongs to a sub-block and the hierarchy of this sub-block is preserved.
    Found 1-bit register for signal <Int_status>.
    Found 3-bit register for signal <PCSource>.
    Found 3-bit register for signal <DatatoCP0>.
    Found 1-bit register for signal <PCWrite>.
    Found 2-bit register for signal <CP0Dst>.
    Found 1-bit register for signal <MemRead>.
    Found 1-bit register for signal <Branch>.
    Found 1-bit register for signal <IRWrite>.
    Found 2-bit register for signal <RegDst>.
    Found 1-bit register for signal <ALUSrcA>.
    Found 3-bit register for signal <Cause>.
    Found 2-bit register for signal <ALUSrcB>.
    Found 1-bit register for signal <RegWrite>.
    Found 1-bit register for signal <CPU_MIO>.
    Found 3-bit register for signal <ALU_operation>.
    Found 1-bit register for signal <PCWriteCond>.
    Found 1-bit register for signal <Unsigned>.
    Found 1-bit register for signal <MemWrite>.
    Found 1-bit register for signal <CP0Write>.
    Found 5-bit register for signal <state_out>.
    Found 3-bit register for signal <MemtoReg>.
    Found 1-bit register for signal <Intr>.
    Found 1-bit register for signal <IorD>.
    Found 1-bit register for signal <INT_SYS>.
    Found 1-bit register for signal <INT_UNIMPL>.
    Summary:
	inferred  37 D-type flip-flop(s).
Unit <ctrl> synthesized.


Synthesizing Unit <REG32>.
    Related source file is "REG32.v".
    Found 32-bit register for signal <Q>.
    Summary:
	inferred  32 D-type flip-flop(s).
Unit <REG32> synthesized.


Synthesizing Unit <Ext_32>.
    Related source file is "Ext_32.v".
Unit <Ext_32> synthesized.


Synthesizing Unit <mux4to1_5>.
    Related source file is "mux4to1_5.v".
    Found 5-bit 4-to-1 multiplexer for signal <o>.
    Summary:
	inferred   5 Multiplexer(s).
Unit <mux4to1_5> synthesized.


Synthesizing Unit <mux4to1_32>.
    Related source file is "mux4to1_32.v".
    Found 32-bit 4-to-1 multiplexer for signal <o>.
    Summary:
	inferred  32 Multiplexer(s).
Unit <mux4to1_32> synthesized.


Synthesizing Unit <mux2to1_32>.
    Related source file is "mux2to1_32.v".
Unit <mux2to1_32> synthesized.


Synthesizing Unit <Regs>.
    Related source file is "Regs.v".
    Found 992-bit register for signal <register>.
INFO:Xst:738 - HDL ADVISOR - 992 flip-flops were inferred for signal <register>. You may be trying to describe a RAM in a way that is incompatible with block and distributed RAM resources available on Xilinx devices, or with a specific template that is not supported. Please review the Xilinx resources documentation and the XST user manual for coding guidelines. Taking advantage of RAM resources will lead to improved device usage and reduced synthesis time.
    Summary:
	inferred 992 D-type flip-flop(s).
Unit <Regs> synthesized.


Synthesizing Unit <Ext_32_Unsigned>.
    Related source file is "Ext_32_Unsigned.v".
Unit <Ext_32_Unsigned> synthesized.


Synthesizing Unit <mux8to1_32>.
    Related source file is "mux8to1_32.v".
    Found 32-bit 8-to-1 multiplexer for signal <o>.
    Summary:
	inferred  32 Multiplexer(s).
Unit <mux8to1_32> synthesized.


Synthesizing Unit <CoPorcessor0>.
    Related source file is "CoPorcessor0.v".
    Found 32-bit 32-to-1 multiplexer for signal <rdata>.
    Found 1024-bit register for signal <register>.
INFO:Xst:738 - HDL ADVISOR - 1024 flip-flops were inferred for signal <register>. You may be trying to describe a RAM in a way that is incompatible with block and distributed RAM resources available on Xilinx devices, or with a specific template that is not supported. Please review the Xilinx resources documentation and the XST user manual for coding guidelines. Taking advantage of RAM resources will lead to improved device usage and reduced synthesis time.
    Summary:
	inferred 1024 D-type flip-flop(s).
	inferred  32 Multiplexer(s).
Unit <CoPorcessor0> synthesized.


Synthesizing Unit <PC_Minus_4>.
    Related source file is "PC_Minus_4.v".
    Found 32-bit subtractor for signal <PC_Previous>.
    Summary:
	inferred   1 Adder/Subtractor(s).
Unit <PC_Minus_4> synthesized.


Synthesizing Unit <ADC32>.
    Related source file is "ADC32.v".
    Found 32-bit adder carry in/out for signal <S$addsub0000>.
    Summary:
	inferred   1 Adder/Subtractor(s).
Unit <ADC32> synthesized.


Synthesizing Unit <xor32>.
    Related source file is "xor32.v".
    Found 32-bit xor2 for signal <res>.
Unit <xor32> synthesized.


Synthesizing Unit <nor32>.
    Related source file is "nor32.v".
Unit <nor32> synthesized.


Synthesizing Unit <srl32>.
    Related source file is "srl32.v".
WARNING:Xst:647 - Input <A<0>> is never used. This port will be preserved and left unconnected if it belongs to a top-level block or it belongs to a sub-block and the hierarchy of this sub-block is preserved.
WARNING:Xst:647 - Input <B> is never used. This port will be preserved and left unconnected if it belongs to a top-level block or it belongs to a sub-block and the hierarchy of this sub-block is preserved.
Unit <srl32> synthesized.


Synthesizing Unit <or_bit_32>.
    Related source file is "or_bit_32.v".
Unit <or_bit_32> synthesized.


Synthesizing Unit <SignalExt_32>.
    Related source file is "SignalExt_32.v".
Unit <SignalExt_32> synthesized.


Synthesizing Unit <or32>.
    Related source file is "or32.v".
Unit <or32> synthesized.


Synthesizing Unit <and32>.
    Related source file is "and32.v".
Unit <and32> synthesized.


Synthesizing Unit <vga_sync>.
    Related source file is "vga_sync.v".
    Found 10-bit adder for signal <h_count_next$addsub0000> created at line 82.
    Found 10-bit register for signal <h_count_reg>.
    Found 10-bit comparator greatequal for signal <h_sync_next$cmp_ge0000> created at line 97.
    Found 10-bit comparator lessequal for signal <h_sync_next$cmp_le0000> created at line 97.
    Found 1-bit register for signal <h_sync_reg>.
    Found 1-bit register for signal <mod2_reg>.
    Found 10-bit adder for signal <v_count_next$addsub0000> created at line 91.
    Found 10-bit register for signal <v_count_reg>.
    Found 10-bit comparator greatequal for signal <v_sync_next$cmp_ge0000> created at line 99.
    Found 10-bit comparator lessequal for signal <v_sync_next$cmp_le0000> created at line 99.
    Found 1-bit register for signal <v_sync_reg>.
    Found 11-bit comparator less for signal <video_on$cmp_lt0000> created at line 101.
    Found 10-bit comparator less for signal <video_on$cmp_lt0001> created at line 101.
    Summary:
	inferred  23 D-type flip-flop(s).
	inferred   2 Adder/Subtractor(s).
	inferred   6 Comparator(s).
Unit <vga_sync> synthesized.


Synthesizing Unit <pixel_generation>.
    Related source file is "pixel_generation.v".
    Found 1-bit 4-to-1 multiplexer for signal <pixel_on>.
    Found 10-bit comparator greatequal for signal <rgb$cmp_ge0000> created at line 29.
    Found 10-bit comparator greatequal for signal <rgb$cmp_ge0001> created at line 29.
    Found 4-bit 8-to-1 multiplexer for signal <x_data>.
    Summary:
	inferred   2 Comparator(s).
	inferred   5 Multiplexer(s).
Unit <pixel_generation> synthesized.


Synthesizing Unit <VGA_controller>.
    Related source file is "VGA_controller.v".
Unit <VGA_controller> synthesized.


Synthesizing Unit <alu_MUSER_Data_path>.
    Related source file is "Data_path.vf".
WARNING:Xst:1305 - Output <overflow> is never assigned. Tied to value 0.
Unit <alu_MUSER_Data_path> synthesized.


Synthesizing Unit <Data_path>.
    Related source file is "Data_path.vf".
Unit <Data_path> synthesized.


Synthesizing Unit <Muliti_CPU_MUSER_Top_SCPU_IOBUS_App>.
    Related source file is "Top_SCPU_IOBUS_App.vf".
Unit <Muliti_CPU_MUSER_Top_SCPU_IOBUS_App> synthesized.


Synthesizing Unit <Top_SCPU_IOBUS_App>.
    Related source file is "Top_SCPU_IOBUS_App.vf".
WARNING:Xst:646 - Signal <clkdiv<31:11>> is assigned but never used. This unconnected signal will be trimmed during the optimization process.
WARNING:Xst:646 - Signal <clkdiv<9:8>> is assigned but never used. This unconnected signal will be trimmed during the optimization process.
WARNING:Xst:646 - Signal <clkdiv<6:0>> is assigned but never used. This unconnected signal will be trimmed during the optimization process.
Unit <Top_SCPU_IOBUS_App> synthesized.


=========================================================================
HDL Synthesis Report

Macro Statistics
# RAMs                                                 : 1
 8x8-bit dual-port RAM                                 : 1
# Adders/Subtractors                                   : 5
 10-bit adder                                          : 2
 3-bit adder                                           : 1
 32-bit adder carry in/out                             : 1
 32-bit subtractor                                     : 1
# Counters                                             : 3
 3-bit up counter                                      : 2
 4-bit up counter                                      : 1
# Registers                                            : 112
 1-bit register                                        : 30
 10-bit register                                       : 2
 2-bit register                                        : 5
 22-bit register                                       : 1
 3-bit register                                        : 5
 32-bit register                                       : 67
 5-bit register                                        : 1
 8-bit register                                        : 1
# Latches                                              : 2
 32-bit latch                                          : 1
 9-bit latch                                           : 1
# Comparators                                          : 11
 10-bit comparator greatequal                          : 4
 10-bit comparator less                                : 1
 10-bit comparator lessequal                           : 2
 11-bit comparator less                                : 1
 3-bit comparator equal                                : 1
 3-bit comparator not equal                            : 2
# Multiplexers                                         : 11
 1-bit 4-to-1 multiplexer                              : 1
 32-bit 32-to-1 multiplexer                            : 1
 32-bit 4-to-1 multiplexer                             : 2
 32-bit 8-to-1 multiplexer                             : 4
 4-bit 8-to-1 multiplexer                              : 1
 5-bit 4-to-1 multiplexer                              : 2
# Xors                                                 : 3
 1-bit xor9                                            : 1
 32-bit xor2                                           : 2

=========================================================================

=========================================================================
*                       Advanced HDL Synthesis                          *
=========================================================================

Reading core <ipcore_dir/RAM_B.ngc>.
Reading core <clk_div.ngc>.
Reading core <Anti_jitter.ngc>.
Reading core <Counter_x.ngc>.
Reading core <ipcore_dir/VRAM.ngc>.
Loading core <RAM_B> for timing and area information for instance <U3>.
Loading core <clk_div> for timing and area information for instance <U8>.
Loading core <Anti_jitter> for timing and area information for instance <U9>.
Loading core <Counter_x> for timing and area information for instance <U10>.
Loading core <VRAM> for timing and area information for instance <XLXI_24>.
WARNING:Xst:1710 - FF/Latch <Cause_2> (without init value) has a constant value of 0 in block <U1_1>. This FF/Latch will be trimmed during the optimization process.
WARNING:Xst:1710 - FF/Latch <DatatoCP0_1> (without init value) has a constant value of 0 in block <U1_1>. This FF/Latch will be trimmed during the optimization process.

Synthesizing (advanced) Unit <ps2_keyboard>.
INFO:Xst:3218 - HDL ADVISOR - The RAM <Mram_fifo> will be implemented on LUTs either because you have described an asynchronous read or because of currently unsupported block RAM features. If you have described an asynchronous read, making it synchronous would allow you to take advantage of available block RAM resources, for optimized device usage and improved timings. Please refer to your documentation for coding guidelines.
    -----------------------------------------------------------------------
    | ram_type           | Distributed                         |          |
    -----------------------------------------------------------------------
    | Port A                                                              |
    |     aspect ratio   | 8-word x 8-bit                      |          |
    |     clkA           | connected to signal <clk>           | rise     |
    |     weA            | connected to signal <_cmp_ne0000_0> | high     |
    |     addrA          | connected to signal <w_ptr>         |          |
    |     diA            | connected to signal <buffer>        |          |
    -----------------------------------------------------------------------
    | Port B                                                              |
    |     aspect ratio   | 8-word x 8-bit                      |          |
    |     addrB          | connected to signal <r_ptr>         |          |
    |     doB            | connected to signal <data>          |          |
    -----------------------------------------------------------------------
Unit <ps2_keyboard> synthesized (advanced).

=========================================================================
Advanced HDL Synthesis Report

Macro Statistics
# RAMs                                                 : 1
 8x8-bit dual-port distributed RAM                     : 1
# Adders/Subtractors                                   : 5
 10-bit adder                                          : 2
 3-bit adder                                           : 1
 32-bit adder carry in/out                             : 1
 32-bit subtractor                                     : 1
# Counters                                             : 3
 3-bit up counter                                      : 2
 4-bit up counter                                      : 1
# Registers                                            : 2254
 Flip-Flops                                            : 2254
# Latches                                              : 2
 32-bit latch                                          : 1
 9-bit latch                                           : 1
# Comparators                                          : 11
 10-bit comparator greatequal                          : 4
 10-bit comparator less                                : 1
 10-bit comparator lessequal                           : 2
 11-bit comparator less                                : 1
 3-bit comparator equal                                : 1
 3-bit comparator not equal                            : 2
# Multiplexers                                         : 11
 1-bit 4-to-1 multiplexer                              : 1
 32-bit 32-to-1 multiplexer                            : 1
 32-bit 4-to-1 multiplexer                             : 2
 32-bit 8-to-1 multiplexer                             : 4
 4-bit 8-to-1 multiplexer                              : 1
 5-bit 4-to-1 multiplexer                              : 2
# Xors                                                 : 3
 1-bit xor9                                            : 1
 32-bit xor2                                           : 2

=========================================================================

=========================================================================
*                         Low Level Synthesis                           *
=========================================================================
WARNING:Xst:1710 - FF/Latch <Cause_2> (without init value) has a constant value of 0 in block <ctrl>. This FF/Latch will be trimmed during the optimization process.
WARNING:Xst:1895 - Due to other FF/Latch trimming, FF/Latch <DatatoCP0_1> (without init value) has a constant value of 0 in block <ctrl>. This FF/Latch will be trimmed during the optimization process.

Optimizing unit <Top_SCPU_IOBUS_App> ...

Optimizing unit <ps2_keyboard> ...

Optimizing unit <REG32> ...

Optimizing unit <Regs> ...

Optimizing unit <CoPorcessor0> ...

Optimizing unit <vga_sync> ...

Optimizing unit <MIO_BUS> ...

Optimizing unit <led_Dev_IO> ...

Optimizing unit <ctrl> ...

Optimizing unit <alu_MUSER_Data_path> ...

Optimizing unit <Data_path> ...
WARNING:Xst:2677 - Node <XLXI_25/overflow> of sequential type is unconnected in block <Top_SCPU_IOBUS_App>.
WARNING:Xst:2677 - Node <XLXI_15/LED_0> of sequential type is unconnected in block <Top_SCPU_IOBUS_App>.
WARNING:Xst:2677 - Node <XLXI_15/LED_1> of sequential type is unconnected in block <Top_SCPU_IOBUS_App>.
WARNING:Xst:2677 - Node <XLXI_15/LED_2> of sequential type is unconnected in block <Top_SCPU_IOBUS_App>.
WARNING:Xst:2677 - Node <XLXI_15/LED_3> of sequential type is unconnected in block <Top_SCPU_IOBUS_App>.
WARNING:Xst:2677 - Node <XLXI_15/LED_4> of sequential type is unconnected in block <Top_SCPU_IOBUS_App>.
WARNING:Xst:2677 - Node <XLXI_15/LED_5> of sequential type is unconnected in block <Top_SCPU_IOBUS_App>.
WARNING:Xst:2677 - Node <XLXI_15/LED_6> of sequential type is unconnected in block <Top_SCPU_IOBUS_App>.
WARNING:Xst:2677 - Node <XLXI_15/LED_7> of sequential type is unconnected in block <Top_SCPU_IOBUS_App>.
WARNING:Xst:2677 - Node <XLXI_15/GPIOf0_21> of sequential type is unconnected in block <Top_SCPU_IOBUS_App>.
WARNING:Xst:2677 - Node <XLXI_15/GPIOf0_20> of sequential type is unconnected in block <Top_SCPU_IOBUS_App>.
WARNING:Xst:2677 - Node <XLXI_15/GPIOf0_19> of sequential type is unconnected in block <Top_SCPU_IOBUS_App>.
WARNING:Xst:2677 - Node <XLXI_15/GPIOf0_18> of sequential type is unconnected in block <Top_SCPU_IOBUS_App>.
WARNING:Xst:2677 - Node <XLXI_15/GPIOf0_17> of sequential type is unconnected in block <Top_SCPU_IOBUS_App>.
WARNING:Xst:2677 - Node <XLXI_15/GPIOf0_16> of sequential type is unconnected in block <Top_SCPU_IOBUS_App>.
WARNING:Xst:2677 - Node <XLXI_15/GPIOf0_15> of sequential type is unconnected in block <Top_SCPU_IOBUS_App>.
WARNING:Xst:2677 - Node <XLXI_15/GPIOf0_14> of sequential type is unconnected in block <Top_SCPU_IOBUS_App>.
WARNING:Xst:2677 - Node <XLXI_15/GPIOf0_13> of sequential type is unconnected in block <Top_SCPU_IOBUS_App>.
WARNING:Xst:2677 - Node <XLXI_15/GPIOf0_12> of sequential type is unconnected in block <Top_SCPU_IOBUS_App>.
WARNING:Xst:2677 - Node <XLXI_15/GPIOf0_11> of sequential type is unconnected in block <Top_SCPU_IOBUS_App>.
WARNING:Xst:2677 - Node <XLXI_15/GPIOf0_10> of sequential type is unconnected in block <Top_SCPU_IOBUS_App>.
WARNING:Xst:2677 - Node <XLXI_15/GPIOf0_9> of sequential type is unconnected in block <Top_SCPU_IOBUS_App>.
WARNING:Xst:2677 - Node <XLXI_15/GPIOf0_8> of sequential type is unconnected in block <Top_SCPU_IOBUS_App>.
WARNING:Xst:2677 - Node <XLXI_15/GPIOf0_7> of sequential type is unconnected in block <Top_SCPU_IOBUS_App>.
WARNING:Xst:2677 - Node <XLXI_15/GPIOf0_6> of sequential type is unconnected in block <Top_SCPU_IOBUS_App>.
WARNING:Xst:2677 - Node <XLXI_15/GPIOf0_5> of sequential type is unconnected in block <Top_SCPU_IOBUS_App>.
WARNING:Xst:2677 - Node <XLXI_15/GPIOf0_4> of sequential type is unconnected in block <Top_SCPU_IOBUS_App>.
WARNING:Xst:2677 - Node <XLXI_15/GPIOf0_3> of sequential type is unconnected in block <Top_SCPU_IOBUS_App>.
WARNING:Xst:2677 - Node <XLXI_15/GPIOf0_2> of sequential type is unconnected in block <Top_SCPU_IOBUS_App>.
WARNING:Xst:2677 - Node <XLXI_15/GPIOf0_1> of sequential type is unconnected in block <Top_SCPU_IOBUS_App>.
WARNING:Xst:2677 - Node <XLXI_15/GPIOf0_0> of sequential type is unconnected in block <Top_SCPU_IOBUS_App>.
WARNING:Xst:2677 - Node <U1/U1_1/CPU_MIO> of sequential type is unconnected in block <Top_SCPU_IOBUS_App>.

Mapping all equations...
Building and optimizing final netlist ...
Found area constraint ratio of 100 (+ 5) on block Top_SCPU_IOBUS_App, actual ratio is 67.

Final Macro Processing ...

=========================================================================
Final Register Report

Macro Statistics
# Registers                                            : 2230
 Flip-Flops                                            : 2230

=========================================================================

=========================================================================
*                           Partition Report                            *
=========================================================================

Partition Implementation Status
-------------------------------

  No Partitions were found in this design.

-------------------------------

=========================================================================
*                            Final Report                               *
=========================================================================
Final Results
RTL Top Level Output File Name     : Top_SCPU_IOBUS_App.ngr
Top Level Output File Name         : Top_SCPU_IOBUS_App
Output Format                      : NGC
Optimization Goal                  : Area
Keep Hierarchy                     : No

Design Statistics
# IOs                              : 22

Cell Usage :
# BELS                             : 6806
#      AND2                        : 3
#      GND                         : 6
#      INV                         : 87
#      LUT1                        : 118
#      LUT2                        : 153
#      LUT3                        : 2047
#      LUT3_D                      : 2
#      LUT4                        : 2119
#      LUT4_L                      : 53
#      MUXCY                       : 235
#      MUXF5                       : 1053
#      MUXF6                       : 421
#      MUXF7                       : 194
#      MUXF8                       : 97
#      OR2                         : 1
#      VCC                         : 5
#      XOR2                        : 1
#      XORCY                       : 211
# FlipFlops/Latches                : 2531
#      FD                          : 144
#      FDC                         : 119
#      FDCE                        : 2181
#      FDCE_1                      : 2
#      FDE                         : 28
#      FDP                         : 6
#      FDRE                        : 10
#      LD                          : 32
#      LDE                         : 9
# RAMS                             : 1034
#      RAM16X1D                    : 1032
#      RAMB16_S18_S18              : 2
# Clock Buffers                    : 4
#      BUFG                        : 3
#      BUFGP                       : 1
# IO Buffers                       : 21
#      IBUF                        : 14
#      OBUF                        : 7
=========================================================================

Device utilization summary:
---------------------------

Selected Device : 3s500efg320-4 

 Number of Slices:                     2641  out of   4656    56%  
 Number of Slice Flip Flops:           2531  out of   9312    27%  
 Number of 4 input LUTs:               6643  out of   9312    71%  
    Number used as logic:              4579
    Number used as RAMs:               2064
 Number of IOs:                          22
 Number of bonded IOBs:                  22  out of    232     9%  
 Number of BRAMs:                         2  out of     20    10%  
 Number of GCLKs:                         4  out of     24    16%  

---------------------------
Partition Resource Summary:
---------------------------

  No Partitions were found in this design.

---------------------------


=========================================================================
TIMING REPORT

NOTE: THESE TIMING NUMBERS ARE ONLY A SYNTHESIS ESTIMATE.
      FOR ACCURATE TIMING INFORMATION PLEASE REFER TO THE TRACE REPORT
      GENERATED AFTER PLACE-and-ROUTE.

Clock Information:
------------------
-----------------------------------------------------+--------------------------------------------------------------------------------------------------------------------------+-------+
Clock Signal                                         | Clock buffer(FF name)                                                                                                    | Load  |
-----------------------------------------------------+--------------------------------------------------------------------------------------------------------------------------+-------+
clk_50mhz                                            | BUFGP                                                                                                                    | 1269  |
U3/N1                                                | NONE(U3/U0/xst_blk_mem_generator/gnativebmg.native_blk_mem_gen/valid.cstr/ramloop[0].ram.r/s3_init.ram/dpram.dp18x18.ram)| 2     |
U8/Clk_CPU1(U8/Clk_CPU1:O)                           | BUFG(*)(U10/M0)                                                                                                          | 2220  |
U8/clkdiv<7>1                                        | BUFG                                                                                                                     | 35    |
U4/vram_addr_cmp_eq0001(U4/vram_addr_cmp_eq000136:O) | NONE(*)(U4/vram_addr_8)                                                                                                  | 9     |
U4/Cpu_data4bus_not00011(U4/Cpu_data4bus_not000135:O)| BUFG(*)(U4/Cpu_data4bus_31)                                                                                              | 32    |
-----------------------------------------------------+--------------------------------------------------------------------------------------------------------------------------+-------+
(*) These 3 clock signal(s) are generated by combinatorial logic,
and XST is not able to identify which are the primary clock signals.
Please use the CLOCK_SIGNAL constraint to specify the clock signal(s) generated by combinatorial logic.
INFO:Xst:2169 - HDL ADVISOR - Some clock signals were not automatically buffered by XST with BUFG/BUFR resources. Please use the buffer_type constraint in order to insert these buffers to the clock signals to help prevent skew problems.

Asynchronous Control Signals Information:
----------------------------------------
-----------------------------------+-------------------------+-------+
Control Signal                     | Buffer(FF name)         | Load  |
-----------------------------------+-------------------------+-------+
U9/rst(U9/rst:Q)                   | NONE(U1/U1_1/ALUSrcA)   | 2212  |
N0(XST_GND:G)                      | NONE(U1/U1_2/ALUOut/Q_0)| 96    |
-----------------------------------+-------------------------+-------+

Timing Summary:
---------------
Speed Grade: -4

   Minimum period: 26.977ns (Maximum Frequency: 37.068MHz)
   Minimum input arrival time before clock: 7.305ns
   Maximum output required time after clock: 14.008ns
   Maximum combinational path delay: No path found

Timing Detail:
--------------
All values displayed in nanoseconds (ns)

=========================================================================
Timing constraint: Default period analysis for Clock 'clk_50mhz'
  Clock period: 9.045ns (frequency: 110.558MHz)
  Total number of paths / destination ports: 17995 / 4406
-------------------------------------------------------------------------
Delay:               9.045ns (Levels of Logic = 5)
  Source:            XLXI_17/U12_1/h_count_reg_4 (FF)
  Destination:       XLXI_17/U12_1/v_count_reg_9 (FF)
  Source Clock:      clk_50mhz rising
  Destination Clock: clk_50mhz rising

  Data Path: XLXI_17/U12_1/h_count_reg_4 to XLXI_17/U12_1/v_count_reg_9
                                Gate     Net
    Cell:in->out      fanout   Delay   Delay  Logical Name (Net Name)
    ----------------------------------------  ------------
     FDC:C->Q           1028   0.591   1.585  XLXI_17/U12_1/h_count_reg_4 (XLXI_17/U12_1/h_count_reg_4)
     LUT4:I0->O            1   0.704   0.424  XLXI_17/U12_1/h_end22 (XLXI_17/U12_1/h_end22)
     LUT4:I3->O            1   0.704   0.424  XLXI_17/U12_1/h_end24_SW0 (N289)
     LUT4:I3->O           12   0.704   1.136  XLXI_17/U12_1/h_end24 (XLXI_17/U12_1/h_end)
     LUT2:I0->O           10   0.704   1.057  XLXI_17/U12_1/v_count_next<0>11 (XLXI_17/U12_1/N11)
     LUT4:I0->O            1   0.704   0.000  XLXI_17/U12_1/v_count_next<9>1 (XLXI_17/U12_1/v_count_next<9>)
     FDC:D                     0.308          XLXI_17/U12_1/v_count_reg_9
    ----------------------------------------
    Total                      9.045ns (4.419ns logic, 4.626ns route)
                                       (48.9% logic, 51.1% route)

=========================================================================
Timing constraint: Default period analysis for Clock 'U8/Clk_CPU1'
  Clock period: 26.977ns (frequency: 37.068MHz)
  Total number of paths / destination ports: 28046840 / 4273
-------------------------------------------------------------------------
Delay:               26.977ns (Levels of Logic = 50)
  Source:            U1/U1_2/IR/Q_17 (FF)
  Destination:       U1/U1_2/PC/Q_0 (FF)
  Source Clock:      U8/Clk_CPU1 rising
  Destination Clock: U8/Clk_CPU1 rising

  Data Path: U1/U1_2/IR/Q_17 to U1/U1_2/PC/Q_0
                                Gate     Net
    Cell:in->out      fanout   Delay   Delay  Logical Name (Net Name)
    ----------------------------------------  ------------
     FDCE:C->Q             6   0.591   0.844  U1/U1_2/IR/Q_17 (U1/U1_2/IR/Q_17)
     LUT2:I0->O            8   0.704   0.761  U1/U1_2/U2/varindex0001_cmp_eq000111 (U1/U1_2/U2/N90)
     LUT4:I3->O           32   0.704   1.297  U1/U1_2/U2/varindex0001_cmp_eq00251 (U1/U1_2/U2/varindex0001_cmp_eq0025)
     LUT4:I2->O            1   0.704   0.595  U1/U1_2/U2/rdata_B<2>105 (U1/U1_2/U2/rdata_B<2>105)
     LUT4:I0->O            1   0.704   0.595  U1/U1_2/U2/rdata_B<2>137 (U1/U1_2/U2/rdata_B<2>137)
     LUT2:I0->O            1   0.704   0.424  U1/U1_2/U2/rdata_B<2>185 (U1/U1_2/U2/rdata_B<2>185)
     LUT4:I3->O            6   0.704   0.748  U1/U1_2/U2/rdata_B<2>211 (Cpu_data2bus<2>)
     LUT4:I1->O            1   0.704   0.000  U1/U1_2/mux3/Mmux_o_2_f5_72 (U1/U1_2/mux3/Mmux_o_2_f5_71)
     MUXF5:I0->O           4   0.321   0.622  U1/U1_2/mux3/Mmux_o_2_f5_7_f5 (U1/U1_2/XLXN_41<2>)
     LUT3:I2->O            1   0.704   0.000  U1/U1_2/U1/XLXI_4/Madd_S_addsub0000_lut<2> (U1/U1_2/U1/XLXI_4/Madd_S_addsub0000_lut<2>)
     MUXCY:S->O            1   0.464   0.000  U1/U1_2/U1/XLXI_4/Madd_S_addsub0000_cy<2> (U1/U1_2/U1/XLXI_4/Madd_S_addsub0000_cy<2>)
     MUXCY:CI->O           1   0.059   0.000  U1/U1_2/U1/XLXI_4/Madd_S_addsub0000_cy<3> (U1/U1_2/U1/XLXI_4/Madd_S_addsub0000_cy<3>)
     MUXCY:CI->O           1   0.059   0.000  U1/U1_2/U1/XLXI_4/Madd_S_addsub0000_cy<4> (U1/U1_2/U1/XLXI_4/Madd_S_addsub0000_cy<4>)
     MUXCY:CI->O           1   0.059   0.000  U1/U1_2/U1/XLXI_4/Madd_S_addsub0000_cy<5> (U1/U1_2/U1/XLXI_4/Madd_S_addsub0000_cy<5>)
     MUXCY:CI->O           1   0.059   0.000  U1/U1_2/U1/XLXI_4/Madd_S_addsub0000_cy<6> (U1/U1_2/U1/XLXI_4/Madd_S_addsub0000_cy<6>)
     MUXCY:CI->O           1   0.059   0.000  U1/U1_2/U1/XLXI_4/Madd_S_addsub0000_cy<7> (U1/U1_2/U1/XLXI_4/Madd_S_addsub0000_cy<7>)
     MUXCY:CI->O           1   0.059   0.000  U1/U1_2/U1/XLXI_4/Madd_S_addsub0000_cy<8> (U1/U1_2/U1/XLXI_4/Madd_S_addsub0000_cy<8>)
     MUXCY:CI->O           1   0.059   0.000  U1/U1_2/U1/XLXI_4/Madd_S_addsub0000_cy<9> (U1/U1_2/U1/XLXI_4/Madd_S_addsub0000_cy<9>)
     MUXCY:CI->O           1   0.059   0.000  U1/U1_2/U1/XLXI_4/Madd_S_addsub0000_cy<10> (U1/U1_2/U1/XLXI_4/Madd_S_addsub0000_cy<10>)
     MUXCY:CI->O           1   0.059   0.000  U1/U1_2/U1/XLXI_4/Madd_S_addsub0000_cy<11> (U1/U1_2/U1/XLXI_4/Madd_S_addsub0000_cy<11>)
     MUXCY:CI->O           1   0.059   0.000  U1/U1_2/U1/XLXI_4/Madd_S_addsub0000_cy<12> (U1/U1_2/U1/XLXI_4/Madd_S_addsub0000_cy<12>)
     MUXCY:CI->O           1   0.059   0.000  U1/U1_2/U1/XLXI_4/Madd_S_addsub0000_cy<13> (U1/U1_2/U1/XLXI_4/Madd_S_addsub0000_cy<13>)
     MUXCY:CI->O           1   0.059   0.000  U1/U1_2/U1/XLXI_4/Madd_S_addsub0000_cy<14> (U1/U1_2/U1/XLXI_4/Madd_S_addsub0000_cy<14>)
     MUXCY:CI->O           1   0.059   0.000  U1/U1_2/U1/XLXI_4/Madd_S_addsub0000_cy<15> (U1/U1_2/U1/XLXI_4/Madd_S_addsub0000_cy<15>)
     MUXCY:CI->O           1   0.059   0.000  U1/U1_2/U1/XLXI_4/Madd_S_addsub0000_cy<16> (U1/U1_2/U1/XLXI_4/Madd_S_addsub0000_cy<16>)
     MUXCY:CI->O           1   0.059   0.000  U1/U1_2/U1/XLXI_4/Madd_S_addsub0000_cy<17> (U1/U1_2/U1/XLXI_4/Madd_S_addsub0000_cy<17>)
     MUXCY:CI->O           1   0.059   0.000  U1/U1_2/U1/XLXI_4/Madd_S_addsub0000_cy<18> (U1/U1_2/U1/XLXI_4/Madd_S_addsub0000_cy<18>)
     MUXCY:CI->O           1   0.059   0.000  U1/U1_2/U1/XLXI_4/Madd_S_addsub0000_cy<19> (U1/U1_2/U1/XLXI_4/Madd_S_addsub0000_cy<19>)
     MUXCY:CI->O           1   0.059   0.000  U1/U1_2/U1/XLXI_4/Madd_S_addsub0000_cy<20> (U1/U1_2/U1/XLXI_4/Madd_S_addsub0000_cy<20>)
     MUXCY:CI->O           1   0.059   0.000  U1/U1_2/U1/XLXI_4/Madd_S_addsub0000_cy<21> (U1/U1_2/U1/XLXI_4/Madd_S_addsub0000_cy<21>)
     MUXCY:CI->O           1   0.059   0.000  U1/U1_2/U1/XLXI_4/Madd_S_addsub0000_cy<22> (U1/U1_2/U1/XLXI_4/Madd_S_addsub0000_cy<22>)
     MUXCY:CI->O           1   0.059   0.000  U1/U1_2/U1/XLXI_4/Madd_S_addsub0000_cy<23> (U1/U1_2/U1/XLXI_4/Madd_S_addsub0000_cy<23>)
     MUXCY:CI->O           1   0.059   0.000  U1/U1_2/U1/XLXI_4/Madd_S_addsub0000_cy<24> (U1/U1_2/U1/XLXI_4/Madd_S_addsub0000_cy<24>)
     MUXCY:CI->O           1   0.059   0.000  U1/U1_2/U1/XLXI_4/Madd_S_addsub0000_cy<25> (U1/U1_2/U1/XLXI_4/Madd_S_addsub0000_cy<25>)
     MUXCY:CI->O           1   0.059   0.000  U1/U1_2/U1/XLXI_4/Madd_S_addsub0000_cy<26> (U1/U1_2/U1/XLXI_4/Madd_S_addsub0000_cy<26>)
     XORCY:CI->O           2   0.804   0.482  U1/U1_2/U1/XLXI_4/Madd_S_addsub0000_xor<27> (U1/U1_2/U1/S<27>)
     LUT3:I2->O            1   0.704   0.000  U1/U1_2/U1/XLXI_20/Mmux_o_419 (U1/U1_2/U1/XLXI_20/Mmux_o_419)
     MUXF5:I1->O           1   0.321   0.000  U1/U1_2/U1/XLXI_20/Mmux_o_3_f5_18 (U1/U1_2/U1/XLXI_20/Mmux_o_3_f519)
     MUXF6:I1->O           3   0.521   0.535  U1/U1_2/U1/XLXI_20/Mmux_o_2_f6_18 (U1/U1_2/XLXN_42<27>)
     LUT4:I3->O            1   0.704   0.000  U1/U1_2/U1/XLXI_8/o_wg_lut<2> (U1/U1_2/U1/XLXI_8/o_wg_lut<2>)
     MUXCY:S->O            1   0.464   0.000  U1/U1_2/U1/XLXI_8/o_wg_cy<2> (U1/U1_2/U1/XLXI_8/o_wg_cy<2>)
     MUXCY:CI->O           1   0.059   0.000  U1/U1_2/U1/XLXI_8/o_wg_cy<3> (U1/U1_2/U1/XLXI_8/o_wg_cy<3>)
     MUXCY:CI->O           1   0.059   0.000  U1/U1_2/U1/XLXI_8/o_wg_cy<4> (U1/U1_2/U1/XLXI_8/o_wg_cy<4>)
     MUXCY:CI->O           1   0.059   0.000  U1/U1_2/U1/XLXI_8/o_wg_cy<5> (U1/U1_2/U1/XLXI_8/o_wg_cy<5>)
     MUXCY:CI->O           1   0.059   0.000  U1/U1_2/U1/XLXI_8/o_wg_cy<6> (U1/U1_2/U1/XLXI_8/o_wg_cy<6>)
     MUXCY:CI->O           1   0.459   0.420  U1/U1_2/U1/XLXI_8/o_wg_cy<7> (U1/U1_2/U1/XLXI_8/o_wg_cy<7>)
     XOR2:I0->O            1   0.704   0.420  U1/U1_2/XLXI_21 (U1/U1_2/XLXN_56)
     INV:I->O              1   0.704   0.420  U1/U1_2/XLXI_22 (U1/U1_2/XLXN_61)
     AND2:I0->O            1   0.704   0.420  U1/U1_2/XLXI_23 (U1/U1_2/XLXN_62)
     OR2:I0->O             1   0.704   0.420  U1/U1_2/XLXI_24 (U1/U1_2/XLXN_65)
     AND2:I0->O           32   0.704   1.262  U1/U1_2/XLXI_25 (U1/U1_2/XLXN_70)
     FDCE:CE                   0.555          U1/U1_2/PC/Q_0
    ----------------------------------------
    Total                     26.977ns (16.712ns logic, 10.265ns route)
                                       (61.9% logic, 38.1% route)

=========================================================================
Timing constraint: Default period analysis for Clock 'U8/clkdiv<7>1'
  Clock period: 7.689ns (frequency: 130.056MHz)
  Total number of paths / destination ports: 1351 / 35
-------------------------------------------------------------------------
Delay:               7.689ns (Levels of Logic = 34)
  Source:            U10/counter0_0 (FF)
  Destination:       U10/counter0_30 (FF)
  Source Clock:      U8/clkdiv<7>1 rising
  Destination Clock: U8/clkdiv<7>1 rising

  Data Path: U10/counter0_0 to U10/counter0_30
                                Gate     Net
    Cell:in->out      fanout   Delay   Delay  Logical Name (Net Name)
    ----------------------------------------  ------------
     FDC:C->Q              4   0.591   0.762  counter0_0 (counter_out<0>)
     LUT1:I0->O            1   0.704   0.000  Msub__sub0000_cy<0>_rt (Msub__sub0000_cy<0>_rt)
     MUXCY:S->O            1   0.464   0.000  Msub__sub0000_cy<0> (Msub__sub0000_cy<0>)
     MUXCY:CI->O           1   0.059   0.000  Msub__sub0000_cy<1> (Msub__sub0000_cy<1>)
     MUXCY:CI->O           1   0.059   0.000  Msub__sub0000_cy<2> (Msub__sub0000_cy<2>)
     MUXCY:CI->O           1   0.059   0.000  Msub__sub0000_cy<3> (Msub__sub0000_cy<3>)
     MUXCY:CI->O           1   0.059   0.000  Msub__sub0000_cy<4> (Msub__sub0000_cy<4>)
     MUXCY:CI->O           1   0.059   0.000  Msub__sub0000_cy<5> (Msub__sub0000_cy<5>)
     MUXCY:CI->O           1   0.059   0.000  Msub__sub0000_cy<6> (Msub__sub0000_cy<6>)
     MUXCY:CI->O           1   0.059   0.000  Msub__sub0000_cy<7> (Msub__sub0000_cy<7>)
     MUXCY:CI->O           1   0.059   0.000  Msub__sub0000_cy<8> (Msub__sub0000_cy<8>)
     MUXCY:CI->O           1   0.059   0.000  Msub__sub0000_cy<9> (Msub__sub0000_cy<9>)
     MUXCY:CI->O           1   0.059   0.000  Msub__sub0000_cy<10> (Msub__sub0000_cy<10>)
     MUXCY:CI->O           1   0.059   0.000  Msub__sub0000_cy<11> (Msub__sub0000_cy<11>)
     MUXCY:CI->O           1   0.059   0.000  Msub__sub0000_cy<12> (Msub__sub0000_cy<12>)
     MUXCY:CI->O           1   0.059   0.000  Msub__sub0000_cy<13> (Msub__sub0000_cy<13>)
     MUXCY:CI->O           1   0.059   0.000  Msub__sub0000_cy<14> (Msub__sub0000_cy<14>)
     MUXCY:CI->O           1   0.059   0.000  Msub__sub0000_cy<15> (Msub__sub0000_cy<15>)
     MUXCY:CI->O           1   0.059   0.000  Msub__sub0000_cy<16> (Msub__sub0000_cy<16>)
     MUXCY:CI->O           1   0.059   0.000  Msub__sub0000_cy<17> (Msub__sub0000_cy<17>)
     MUXCY:CI->O           1   0.059   0.000  Msub__sub0000_cy<18> (Msub__sub0000_cy<18>)
     MUXCY:CI->O           1   0.059   0.000  Msub__sub0000_cy<19> (Msub__sub0000_cy<19>)
     MUXCY:CI->O           1   0.059   0.000  Msub__sub0000_cy<20> (Msub__sub0000_cy<20>)
     MUXCY:CI->O           1   0.059   0.000  Msub__sub0000_cy<21> (Msub__sub0000_cy<21>)
     MUXCY:CI->O           1   0.059   0.000  Msub__sub0000_cy<22> (Msub__sub0000_cy<22>)
     MUXCY:CI->O           1   0.059   0.000  Msub__sub0000_cy<23> (Msub__sub0000_cy<23>)
     MUXCY:CI->O           1   0.059   0.000  Msub__sub0000_cy<24> (Msub__sub0000_cy<24>)
     MUXCY:CI->O           1   0.059   0.000  Msub__sub0000_cy<25> (Msub__sub0000_cy<25>)
     MUXCY:CI->O           1   0.059   0.000  Msub__sub0000_cy<26> (Msub__sub0000_cy<26>)
     MUXCY:CI->O           1   0.059   0.000  Msub__sub0000_cy<27> (Msub__sub0000_cy<27>)
     MUXCY:CI->O           1   0.059   0.000  Msub__sub0000_cy<28> (Msub__sub0000_cy<28>)
     MUXCY:CI->O           1   0.059   0.000  Msub__sub0000_cy<29> (Msub__sub0000_cy<29>)
     XORCY:CI->O           2   0.804   0.447  Msub__sub0000_xor<30> (_sub0000<30>)
     MUXF5:S->O            1   0.739   0.455  Mmux_counter0_30_mux0000_4 (Mmux_counter0_30_mux0000_4)
     LUT3:I2->O            1   0.704   0.000  Mmux_counter0_30_mux0000_2_f5 (counter0_30_mux0000)
     FDC:D                     0.308          counter0_30
    ----------------------------------------
    Total                      7.689ns (6.025ns logic, 1.664ns route)
                                       (78.4% logic, 21.6% route)

=========================================================================
Timing constraint: Default OFFSET IN BEFORE for Clock 'clk_50mhz'
  Total number of paths / destination ports: 1067 / 132
-------------------------------------------------------------------------
Offset:              7.305ns (Levels of Logic = 6)
  Source:            SW<4> (PAD)
  Destination:       U9/rst_counter_0 (FF)
  Destination Clock: clk_50mhz rising

  Data Path: SW<4> to U9/rst_counter_0
                                Gate     Net
    Cell:in->out      fanout   Delay   Delay  Logical Name (Net Name)
    ----------------------------------------  ------------
     IBUF:I->O             3   1.218   0.706  SW_4_IBUF (SW_4_IBUF)
     begin scope: 'U9'
     LUT4:I0->O            1   0.704   0.499  counter_cmp_ne000165 (counter_cmp_ne000165)
     LUT4:I1->O            2   0.704   0.482  counter_cmp_ne0001164 (counter_cmp_ne0001)
     LUT3_D:I2->O         64   0.704   1.276  counter_or00001 (counter_or0000)
     LUT4:I3->O            1   0.704   0.000  rst_counter_0_rstpot (rst_counter_0_rstpot)
     FD:D                      0.308          rst_counter_0
    ----------------------------------------
    Total                      7.305ns (4.342ns logic, 2.963ns route)
                                       (59.4% logic, 40.6% route)

=========================================================================
Timing constraint: Default OFFSET OUT AFTER for Clock 'U8/Clk_CPU1'
  Total number of paths / destination ports: 1 / 1
-------------------------------------------------------------------------
Offset:              4.532ns (Levels of Logic = 1)
  Source:            U1/U1_1/Int_status (FF)
  Destination:       INT_STATE (PAD)
  Source Clock:      U8/Clk_CPU1 rising

  Data Path: U1/U1_1/Int_status to INT_STATE
                                Gate     Net
    Cell:in->out      fanout   Delay   Delay  Logical Name (Net Name)
    ----------------------------------------  ------------
     FDC:C->Q              6   0.591   0.669  U1/U1_1/Int_status (U1/U1_1/Int_status)
     OBUF:I->O                 3.272          INT_STATE_OBUF (INT_STATE)
    ----------------------------------------
    Total                      4.532ns (3.863ns logic, 0.669ns route)
                                       (85.2% logic, 14.8% route)

=========================================================================
Timing constraint: Default OFFSET OUT AFTER for Clock 'clk_50mhz'
  Total number of paths / destination ports: 18455 / 6
-------------------------------------------------------------------------
Offset:              14.008ns (Levels of Logic = 14)
  Source:            XLXI_17/U12_1/h_count_reg_5 (FF)
  Destination:       vga_rgb<2> (PAD)
  Source Clock:      clk_50mhz rising

  Data Path: XLXI_17/U12_1/h_count_reg_5 to vga_rgb<2>
                                Gate     Net
    Cell:in->out      fanout   Delay   Delay  Logical Name (Net Name)
    ----------------------------------------  ------------
     FDC:C->Q           1028   0.591   1.410  XLXI_17/U12_1/h_count_reg_5 (XLXI_17/U12_1/h_count_reg_5)
     begin scope: 'XLXI_24'
     RAM16X1D:DPRA3->DPO    1   0.704   0.499  U0/xst_options.dist_mem_inst/gen_dp_ram.dpram_inst/Mram_ram129 (U0/xst_options.dist_mem_inst/gen_dp_ram.dpram_inst/N291)
     LUT3:I1->O            1   0.704   0.000  U0/xst_options.dist_mem_inst/gen_dp_ram.dpram_inst/inst_LPM_MUX36_10 (U0/xst_options.dist_mem_inst/gen_dp_ram.dpram_inst/inst_LPM_MUX36_10)
     MUXF5:I0->O           1   0.321   0.000  U0/xst_options.dist_mem_inst/gen_dp_ram.dpram_inst/inst_LPM_MUX36_8_f5 (U0/xst_options.dist_mem_inst/gen_dp_ram.dpram_inst/inst_LPM_MUX36_8_f5)
     MUXF6:I0->O           1   0.521   0.000  U0/xst_options.dist_mem_inst/gen_dp_ram.dpram_inst/inst_LPM_MUX36_6_f6 (U0/xst_options.dist_mem_inst/gen_dp_ram.dpram_inst/inst_LPM_MUX36_6_f6)
     MUXF7:I0->O           1   0.521   0.000  U0/xst_options.dist_mem_inst/gen_dp_ram.dpram_inst/inst_LPM_MUX36_4_f7 (U0/xst_options.dist_mem_inst/gen_dp_ram.dpram_inst/inst_LPM_MUX36_4_f7)
     MUXF8:I0->O           2   0.521   0.526  U0/xst_options.dist_mem_inst/gen_dp_ram.dpram_inst/inst_LPM_MUX36_2_f8 (dpo<4>)
     end scope: 'XLXI_24'
     LUT3:I1->O            1   0.704   0.000  XLXI_17/U12_2/Mmux_pixel_on_6 (XLXI_17/U12_2/Mmux_pixel_on_6)
     MUXF5:I1->O           1   0.321   0.000  XLXI_17/U12_2/Mmux_pixel_on_5_f5 (XLXI_17/U12_2/Mmux_pixel_on_5_f5)
     MUXF6:I1->O           1   0.521   0.000  XLXI_17/U12_2/Mmux_pixel_on_4_f6 (XLXI_17/U12_2/Mmux_pixel_on_4_f6)
     MUXF7:I1->O           1   0.521   0.000  XLXI_17/U12_2/Mmux_pixel_on_3_f7 (XLXI_17/U12_2/Mmux_pixel_on_3_f7)
     MUXF8:I1->O           1   0.521   0.595  XLXI_17/U12_2/Mmux_pixel_on_2_f8 (XLXI_17/U12_2/pixel_on)
     LUT4:I0->O            3   0.704   0.531  XLXI_17/U12_2/rgb<1> (vga_rgb_0_OBUF)
     OBUF:I->O                 3.272          vga_rgb_2_OBUF (vga_rgb<2>)
    ----------------------------------------
    Total                     14.008ns (10.447ns logic, 3.561ns route)
                                       (74.6% logic, 25.4% route)

=========================================================================


Total REAL time to Xst completion: 43.00 secs
Total CPU time to Xst completion: 43.66 secs
 
--> 

Total memory usage is 453536 kilobytes

Number of errors   :    0 (   0 filtered)
Number of warnings :   67 (   0 filtered)
Number of infos    :    7 (   0 filtered)

